<?xml version="1.0" encoding="UTF-8" ?>
<testsuite tests="1" failures="0" name="cc.wenjun.service.BrandServiceTest" time="0.001" errors="1" skipped="0">
  <properties>
[...]
</properties>
  <testcase classname="cc.wenjun.service.BrandServiceTest" name="test" time="0.001">
    <error message="Error creating bean with name &apos;cc.wenjun.service.BrandServiceTest&apos;: Unsatisfied dependency expressed through field &apos;brandService&apos;; nested exception is org.springframework.beans.factory.NoSuchBeanDefinitionException: No qualifying bean of type &apos;cc.wenjun.service.IBrandService&apos; available: expected at least 1 bean which qualifies as autowire candidate. Dependency annotations: {@org.springframework.beans.factory.annotation.Autowired(required=true)}" type="org.springframework.beans.factory.UnsatisfiedDependencyException">org.springframework.beans.factory.UnsatisfiedDependencyException: Error creating bean with name &apos;cc.wenjun.service.BrandServiceTest&apos;: Unsatisfied dependency expressed through field &apos;brandService&apos;; nested exception is org.springframework.beans.factory.NoSuchBeanDefinitionException: No qualifying bean of type &apos;cc.wenjun.service.IBrandService&apos; available: expected at least 1 bean which qualifies as autowire candidate. Dependency annotations: {@org.springframework.beans.factory.annotation.Autowired(required=true)}
	at org.springframework.beans.factory.annotation.AutowiredAnnotationBeanPostProcessor$AutowiredFieldElement.inject(AutowiredAnnotationBeanPostProcessor.java:586)
	at org.springframework.beans.factory.annotation.InjectionMetadata.inject(InjectionMetadata.java:90)
	at org.springframework.beans.factory.annotation.AutowiredAnnotationBeanPostProcessor.postProcessPropertyValues(AutowiredAnnotationBeanPostProcessor.java:372)
	at org.springframework.beans.factory.support.AbstractAutowireCapableBeanFactory.populateBean(AbstractAutowireCapableBeanFactory.java:1341)
	at org.springframework.beans.factory.support.AbstractAutowireCapableBeanFactory.autowireBeanProperties(AbstractAutowireCapableBeanFactory.java:393)
	at org.springframework.test.context.support.DependencyInjectionTestExecutionListener.injectDependencies(DependencyInjectionTestExecutionListener.java:118)
	at org.springframework.test.context.support.DependencyInjectionTestExecutionListener.prepareTestInstance(DependencyInjectionTestExecutionListener.java:83)
	at org.springframework.boot.test.autoconfigure.SpringBootDependencyInjectionTestExecutionListener.prepareTestInstance(SpringBootDependencyInjectionTestExecutionListener.java:44)
	at org.springframework.test.context.TestContextManager.prepareTestInstance(TestContextManager.java:246)
	at org.springframework.test.context.junit4.SpringJUnit4ClassRunner.createTest(SpringJUnit4ClassRunner.java:227)
	at org.springframework.test.context.junit4.SpringJUnit4ClassRunner$1.runReflectiveCall(SpringJUnit4ClassRunner.java:289)
	at org.junit.internal.runners.model.ReflectiveCallable.run(ReflectiveCallable.java:12)
	at org.springframework.test.context.junit4.SpringJUnit4ClassRunner.methodBlock(SpringJUnit4ClassRunner.java:291)
	at org.springframework.test.context.junit4.SpringJUnit4ClassRunner.runChild(SpringJUnit4ClassRunner.java:246)
	at org.springframework.test.context.junit4.SpringJUnit4ClassRunner.runChild(SpringJUnit4ClassRunner.java:97)
	at org.junit.runners.ParentRunner$3.run(ParentRunner.java:290)
	at org.junit.runners.ParentRunner$1.schedule(ParentRunner.java:71)
	at org.junit.runners.ParentRunner.runChildren(ParentRunner.java:288)
	at org.junit.runners.ParentRunner.access$000(ParentRunner.java:58)
	at org.junit.runners.ParentRunner$2.evaluate(ParentRunner.java:268)
	at org.springframework.test.context.junit4.statements.RunBeforeTestClassCallbacks.evaluate(RunBeforeTestClassCallbacks.java:61)
	at org.springframework.test.context.junit4.statements.RunAfterTestClassCallbacks.evaluate(RunAfterTestClassCallbacks.java:70)
	at org.junit.runners.ParentRunner.run(ParentRunner.java:363)
	at org.springframework.test.context.junit4.SpringJUnit4ClassRunner.run(SpringJUnit4ClassRunner.java:190)
	at org.apache.maven.surefire.junit4.JUnit4Provider.execute(JUnit4Provider.java:252)
	at org.apache.maven.surefire.junit4.JUnit4Provider.executeTestSet(JUnit4Provider.java:141)
	at org.apache.maven.surefire.junit4.JUnit4Provider.invoke(JUnit4Provider.java:112)
	at sun.reflect.NativeMethodAccessorImpl.invoke0(Native Method)
	at sun.reflect.NativeMethodAccessorImpl.invoke(NativeMethodAccessorImpl.java:62)
	at sun.reflect.DelegatingMethodAccessorImpl.invoke(DelegatingMethodAccessorImpl.java:43)
	at java.lang.reflect.Method.invoke(Method.java:498)
	at org.apache.maven.surefire.util.ReflectionUtils.invokeMethodWithArray(ReflectionUtils.java:189)
	at org.apache.maven.surefire.booter.ProviderFactory$ProviderProxy.invoke(ProviderFactory.java:165)
	at org.apache.maven.surefire.booter.ProviderFactory.invokeProvider(ProviderFactory.java:85)
	at org.apache.maven.surefire.booter.ForkedBooter.runSuitesInProcess(ForkedBooter.java:115)
	at org.apache.maven.surefire.booter.ForkedBooter.main(ForkedBooter.java:75)
Caused by: org.springframework.beans.factory.NoSuchBeanDefinitionException: No qualifying bean of type &apos;cc.wenjun.service.IBrandService&apos; available: expected at least 1 bean which qualifies as autowire candidate. Dependency annotations: {@org.springframework.beans.factory.annotation.Autowired(required=true)}
	at org.springframework.beans.factory.support.DefaultListableBeanFactory.raiseNoMatchingBeanFound(DefaultListableBeanFactory.java:1506)
	at org.springframework.beans.factory.support.DefaultListableBeanFactory.doResolveDependency(DefaultListableBeanFactory.java:1101)
	at org.springframework.beans.factory.support.DefaultListableBeanFactory.resolveDependency(DefaultListableBeanFactory.java:1062)
	at org.springframework.beans.factory.annotation.AutowiredAnnotationBeanPostProcessor$AutowiredFieldElement.inject(AutowiredAnnotationBeanPostProcessor.java:583)
	... 35 more
</error>
    <system-out>02:29:38.645 [main] DEBUG org.springframework.test.context.junit4.SpringJUnit4ClassRunner - SpringJUnit4ClassRunner constructor called with [class cc.wenjun.service.BrandServiceTest]
02:29:38.653 [main] DEBUG org.springframework.test.context.BootstrapUtils - Instantiating CacheAwareContextLoaderDelegate from class [org.springframework.test.context.cache.DefaultCacheAwareContextLoaderDelegate]
02:29:38.673 [main] DEBUG org.springframework.test.context.BootstrapUtils - Instantiating BootstrapContext using constructor [public org.springframework.test.context.support.DefaultBootstrapContext(java.lang.Class,org.springframework.test.context.CacheAwareContextLoaderDelegate)]
02:29:38.700 [main] DEBUG org.springframework.test.context.BootstrapUtils - Instantiating TestContextBootstrapper for test class [cc.wenjun.service.BrandServiceTest] from class [org.springframework.boot.test.context.SpringBootTestContextBootstrapper]
02:29:38.727 [main] INFO org.springframework.boot.test.context.SpringBootTestContextBootstrapper - Neither @ContextConfiguration nor @ContextHierarchy found for test class [cc.wenjun.service.BrandServiceTest], using SpringBootContextLoader
02:29:38.731 [main] DEBUG org.springframework.test.context.support.AbstractContextLoader - Did not detect default resource location for test class [cc.wenjun.service.BrandServiceTest]: class path resource [cc/wenjun/service/BrandServiceTest-context.xml] does not exist
02:29:38.732 [main] DEBUG org.springframework.test.context.support.AbstractContextLoader - Did not detect default resource location for test class [cc.wenjun.service.BrandServiceTest]: class path resource [cc/wenjun/service/BrandServiceTestContext.groovy] does not exist
02:29:38.732 [main] INFO org.springframework.test.context.support.AbstractContextLoader - Could not detect default resource locations for test class [cc.wenjun.service.BrandServiceTest]: no resource found for suffixes {-context.xml, Context.groovy}.
02:29:38.746 [main] INFO org.springframework.test.context.support.AnnotationConfigContextLoaderUtils - Could not detect default configuration classes for test class [cc.wenjun.service.BrandServiceTest]: BrandServiceTest does not declare any static, non-private, non-final, nested classes annotated with @Configuration.
02:29:38.834 [main] DEBUG org.springframework.test.context.support.ActiveProfilesUtils - Could not find an &apos;annotation declaring class&apos; for annotation type [org.springframework.test.context.ActiveProfiles] and class [cc.wenjun.service.BrandServiceTest]
02:29:38.844 [main] DEBUG org.springframework.core.env.StandardEnvironment - Adding PropertySource &apos;systemProperties&apos; with lowest search precedence
02:29:38.844 [main] DEBUG org.springframework.core.env.StandardEnvironment - Adding PropertySource &apos;systemEnvironment&apos; with lowest search precedence
02:29:38.845 [main] DEBUG org.springframework.core.env.StandardEnvironment - Initialized StandardEnvironment with PropertySources [MapPropertySource@680779399 {name=&apos;systemProperties&apos;, properties={idea.version=2017.3.3, java.runtime.name=Java(TM) SE Runtime Environment, sun.boot.library.path=D:\Java\jre\bin, java.vm.version=25.111-b14, java.vm.vendor=Oracle Corporation, java.vendor.url=http://java.oracle.com/, path.separator=;, java.vm.name=Java HotSpot(TM) 64-Bit Server VM, file.encoding.pkg=sun.io, user.country=CN, user.script=, sun.java.launcher=SUN_STANDARD, sun.os.patch.level=, java.vm.specification.name=Java Virtual Machine Specification, user.dir=F:\Java\IDEA\aigou-parent\aigou_product_parent\aigou_product_service, java.runtime.version=1.8.0_111-b14, basedir=F:\Java\IDEA\aigou-parent\aigou_product_parent\aigou_product_service, java.awt.graphicsenv=sun.awt.Win32GraphicsEnvironment, java.endorsed.dirs=D:\Java\jre\lib\endorsed, os.arch=amd64, surefire.real.class.path=F:\Java\IDEA\aigou-parent\aigou_product_parent\aigou_product_service\target\surefire\surefirebooter3585836597371685804.jar, java.io.tmpdir=C:\Users\ADMINI~1\AppData\Local\Temp\, line.separator=
, java.vm.specification.vendor=Oracle Corporation, user.variant=, os.name=Windows 10, sun.jnu.encoding=GBK, java.library.path=D:\Java\jre\bin;C:\windows\Sun\Java\bin;C:\windows\system32;C:\windows;C:\Program Files (x86)\Common Files\NetSarang;D:\Java\bin;F:\spring\maven\apache-maven-3.3.9\bin;D:\apache-tomcat-8.0.52;C:\Program Files (x86)\MySQL\MySQL Server 5.5\bin;C:\Program Files (x86)\Common Files\Thunder Network\KanKan\Codecs;C:\windows\system32;C:\windows;C:\windows\System32\Wbem;C:\windows\System32\WindowsPowerShell\v1.0\;D:\JAVA\jre;F:\spring\svn\svnlient\bin;D:\Program Files\Git\cmd;D:\Program Files\TortoiseGit\bin;D:\Program Files\nodejs\;C:\Users\Administrator\AppData\Local\Microsoft\WindowsApps;C:\Program Files\Bandizip\;C:\Users\Administrator\AppData\Roaming\npm;., surefire.test.class.path=F:\Java\IDEA\aigou-parent\aigou_product_parent\aigou_product_service\target\test-classes;F:\Java\IDEA\aigou-parent\aigou_product_parent\aigou_product_service\target\classes;F:\spring\repository\org\springframework\boot\spring-boot-starter-test\2.0.5.RELEASE\spring-boot-starter-test-2.0.5.RELEASE.jar;F:\spring\repository\org\springframework\boot\spring-boot-starter\2.0.5.RELEASE\spring-boot-starter-2.0.5.RELEASE.jar;F:\spring\repository\org\springframework\boot\spring-boot\2.0.5.RELEASE\spring-boot-2.0.5.RELEASE.jar;F:\spring\repository\org\springframework\boot\spring-boot-starter-logging\2.0.5.RELEASE\spring-boot-starter-logging-2.0.5.RELEASE.jar;F:\spring\repository\ch\qos\logback\logback-classic\1.2.3\logback-classic-1.2.3.jar;F:\spring\repository\ch\qos\logback\logback-core\1.2.3\logback-core-1.2.3.jar;F:\spring\repository\org\apache\logging\log4j\log4j-to-slf4j\2.10.0\log4j-to-slf4j-2.10.0.jar;F:\spring\repository\org\apache\logging\log4j\log4j-api\2.10.0\log4j-api-2.10.0.jar;F:\spring\repository\org\slf4j\jul-to-slf4j\1.7.25\jul-to-slf4j-1.7.25.jar;F:\spring\repository\javax\annotation\javax.annotation-api\1.3.2\javax.annotation-api-1.3.2.jar;F:\spring\repository\org\yaml\snakeyaml\1.19\snakeyaml-1.19.jar;F:\spring\repository\org\springframework\boot\spring-boot-test\2.0.5.RELEASE\spring-boot-test-2.0.5.RELEASE.jar;F:\spring\repository\org\springframework\boot\spring-boot-test-autoconfigure\2.0.5.RELEASE\spring-boot-test-autoconfigure-2.0.5.RELEASE.jar;F:\spring\repository\com\jayway\jsonpath\json-path\2.4.0\json-path-2.4.0.jar;F:\spring\repository\net\minidev\json-smart\2.3\json-smart-2.3.jar;F:\spring\repository\net\minidev\accessors-smart\1.2\accessors-smart-1.2.jar;F:\spring\repository\org\ow2\asm\asm\5.0.4\asm-5.0.4.jar;F:\spring\repository\org\assertj\assertj-core\3.9.1\assertj-core-3.9.1.jar;F:\spring\repository\org\mockito\mockito-core\2.15.0\mockito-core-2.15.0.jar;F:\spring\repository\net\bytebuddy\byte-buddy\1.7.11\byte-buddy-1.7.11.jar;F:\spring\repository\net\bytebuddy\byte-buddy-agent\1.7.11\byte-buddy-agent-1.7.11.jar;F:\spring\repository\org\objenesis\objenesis\2.6\objenesis-2.6.jar;F:\spring\repository\org\hamcrest\hamcrest-core\1.3\hamcrest-core-1.3.jar;F:\spring\repository\org\hamcrest\hamcrest-library\1.3\hamcrest-library-1.3.jar;F:\spring\repository\org\skyscreamer\jsonassert\1.5.0\jsonassert-1.5.0.jar;F:\spring\repository\com\vaadin\external\google\android-json\0.0.20131108.vaadin1\android-json-0.0.20131108.vaadin1.jar;F:\spring\repository\org\springframework\spring-core\5.0.9.RELEASE\spring-core-5.0.9.RELEASE.jar;F:\spring\repository\org\springframework\spring-jcl\5.0.9.RELEASE\spring-jcl-5.0.9.RELEASE.jar;F:\spring\repository\org\springframework\spring-test\5.0.9.RELEASE\spring-test-5.0.9.RELEASE.jar;F:\spring\repository\org\xmlunit\xmlunit-core\2.5.1\xmlunit-core-2.5.1.jar;F:\spring\repository\org\springframework\boot\spring-boot-starter-web\2.0.5.RELEASE\spring-boot-starter-web-2.0.5.RELEASE.jar;F:\spring\repository\org\springframework\boot\spring-boot-starter-json\2.0.5.RELEASE\spring-boot-starter-json-2.0.5.RELEASE.jar;F:\spring\repository\com\fasterxml\jackson\datatype\jackson-datatype-jdk8\2.9.6\jackson-datatype-jdk8-2.9.6.jar;F:\spring\repository\com\fasterxml\jackson\datatype\jackson-datatype-jsr310\2.9.6\jackson-datatype-jsr310-2.9.6.jar;F:\spring\repository\com\fasterxml\jackson\module\jackson-module-parameter-names\2.9.6\jackson-module-parameter-names-2.9.6.jar;F:\spring\repository\org\springframework\boot\spring-boot-starter-tomcat\2.0.5.RELEASE\spring-boot-starter-tomcat-2.0.5.RELEASE.jar;F:\spring\repository\org\apache\tomcat\embed\tomcat-embed-core\8.5.34\tomcat-embed-core-8.5.34.jar;F:\spring\repository\org\apache\tomcat\embed\tomcat-embed-el\8.5.34\tomcat-embed-el-8.5.34.jar;F:\spring\repository\org\apache\tomcat\embed\tomcat-embed-websocket\8.5.34\tomcat-embed-websocket-8.5.34.jar;F:\spring\repository\org\hibernate\validator\hibernate-validator\6.0.12.Final\hibernate-validator-6.0.12.Final.jar;F:\spring\repository\javax\validation\validation-api\2.0.1.Final\validation-api-2.0.1.Final.jar;F:\spring\repository\org\jboss\logging\jboss-logging\3.3.2.Final\jboss-logging-3.3.2.Final.jar;F:\spring\repository\org\springframework\spring-web\5.0.9.RELEASE\spring-web-5.0.9.RELEASE.jar;F:\spring\repository\org\springframework\spring-beans\5.0.9.RELEASE\spring-beans-5.0.9.RELEASE.jar;F:\spring\repository\org\springframework\spring-webmvc\5.0.9.RELEASE\spring-webmvc-5.0.9.RELEASE.jar;F:\spring\repository\org\springframework\spring-aop\5.0.9.RELEASE\spring-aop-5.0.9.RELEASE.jar;F:\spring\repository\org\springframework\spring-context\5.0.9.RELEASE\spring-context-5.0.9.RELEASE.jar;F:\spring\repository\org\springframework\spring-expression\5.0.9.RELEASE\spring-expression-5.0.9.RELEASE.jar;F:\spring\repository\org\springframework\cloud\spring-cloud-starter-netflix-eureka-client\2.0.1.RELEASE\spring-cloud-starter-netflix-eureka-client-2.0.1.RELEASE.jar;F:\spring\repository\org\springframework\cloud\spring-cloud-starter\2.0.1.RELEASE\spring-cloud-starter-2.0.1.RELEASE.jar;F:\spring\repository\org\springframework\cloud\spring-cloud-context\2.0.1.RELEASE\spring-cloud-context-2.0.1.RELEASE.jar;F:\spring\repository\org\springframework\security\spring-security-crypto\5.0.8.RELEASE\spring-security-crypto-5.0.8.RELEASE.jar;F:\spring\repository\org\springframework\cloud\spring-cloud-commons\2.0.1.RELEASE\spring-cloud-commons-2.0.1.RELEASE.jar;F:\spring\repository\org\springframework\security\spring-security-rsa\1.0.5.RELEASE\spring-security-rsa-1.0.5.RELEASE.jar;F:\spring\repository\org\bouncycastle\bcpkix-jdk15on\1.56\bcpkix-jdk15on-1.56.jar;F:\spring\repository\org\bouncycastle\bcprov-jdk15on\1.56\bcprov-jdk15on-1.56.jar;F:\spring\repository\org\springframework\cloud\spring-cloud-netflix-core\2.0.1.RELEASE\spring-cloud-netflix-core-2.0.1.RELEASE.jar;F:\spring\repository\org\springframework\boot\spring-boot-starter-aop\2.0.5.RELEASE\spring-boot-starter-aop-2.0.5.RELEASE.jar;F:\spring\repository\org\aspectj\aspectjweaver\1.8.13\aspectjweaver-1.8.13.jar;F:\spring\repository\org\springframework\cloud\spring-cloud-netflix-eureka-client\2.0.1.RELEASE\spring-cloud-netflix-eureka-client-2.0.1.RELEASE.jar;F:\spring\repository\com\netflix\eureka\eureka-client\1.9.3\eureka-client-1.9.3.jar;F:\spring\repository\org\codehaus\jettison\jettison\1.3.7\jettison-1.3.7.jar;F:\spring\repository\stax\stax-api\1.0.1\stax-api-1.0.1.jar;F:\spring\repository\com\netflix\netflix-commons\netflix-eventbus\0.3.0\netflix-eventbus-0.3.0.jar;F:\spring\repository\com\netflix\netflix-commons\netflix-infix\0.3.0\netflix-infix-0.3.0.jar;F:\spring\repository\commons-jxpath\commons-jxpath\1.3\commons-jxpath-1.3.jar;F:\spring\repository\joda-time\joda-time\2.9.9\joda-time-2.9.9.jar;F:\spring\repository\org\antlr\antlr-runtime\3.4\antlr-runtime-3.4.jar;F:\spring\repository\org\antlr\stringtemplate\3.2.1\stringtemplate-3.2.1.jar;F:\spring\repository\antlr\antlr\2.7.7\antlr-2.7.7.jar;F:\spring\repository\com\google\code\gson\gson\2.8.5\gson-2.8.5.jar;F:\spring\repository\org\apache\commons\commons-math\2.2\commons-math-2.2.jar;F:\spring\repository\com\netflix\archaius\archaius-core\0.7.6\archaius-core-0.7.6.jar;F:\spring\repository\javax\ws\rs\jsr311-api\1.1.1\jsr311-api-1.1.1.jar;F:\spring\repository\com\netflix\servo\servo-core\0.12.21\servo-core-0.12.21.jar;F:\spring\repository\com\sun\jersey\jersey-core\1.19.1\jersey-core-1.19.1.jar;F:\spring\repository\com\sun\jersey\jersey-client\1.19.1\jersey-client-1.19.1.jar;F:\spring\repository\com\sun\jersey\contribs\jersey-apache-client4\1.19.1\jersey-apache-client4-1.19.1.jar;F:\spring\repository\org\apache\httpcomponents\httpclient\4.5.6\httpclient-4.5.6.jar;F:\spring\repository\org\apache\httpcomponents\httpcore\4.4.10\httpcore-4.4.10.jar;F:\spring\repository\commons-codec\commons-codec\1.11\commons-codec-1.11.jar;F:\spring\repository\com\google\inject\guice\4.1.0\guice-4.1.0.jar;F:\spring\repository\javax\inject\javax.inject\1\javax.inject-1.jar;F:\spring\repository\aopalliance\aopalliance\1.0\aopalliance-1.0.jar;F:\spring\repository\com\github\vlsi\compactmap\compactmap\1.2.1\compactmap-1.2.1.jar;F:\spring\repository\com\github\andrewoma\dexx\dexx-collections\0.2\dexx-collections-0.2.jar;F:\spring\repository\com\fasterxml\jackson\core\jackson-annotations\2.9.0\jackson-annotations-2.9.0.jar;F:\spring\repository\com\fasterxml\jackson\core\jackson-core\2.9.6\jackson-core-2.9.6.jar;F:\spring\repository\com\netflix\eureka\eureka-core\1.9.3\eureka-core-1.9.3.jar;F:\spring\repository\org\codehaus\woodstox\woodstox-core-asl\4.4.1\woodstox-core-asl-4.4.1.jar;F:\spring\repository\javax\xml\stream\stax-api\1.0-2\stax-api-1.0-2.jar;F:\spring\repository\org\codehaus\woodstox\stax2-api\3.1.4\stax2-api-3.1.4.jar;F:\spring\repository\org\springframework\cloud\spring-cloud-starter-netflix-archaius\2.0.1.RELEASE\spring-cloud-starter-netflix-archaius-2.0.1.RELEASE.jar;F:\spring\repository\org\springframework\cloud\spring-cloud-netflix-ribbon\2.0.1.RELEASE\spring-cloud-netflix-ribbon-2.0.1.RELEASE.jar;F:\spring\repository\org\springframework\cloud\spring-cloud-netflix-archaius\2.0.1.RELEASE\spring-cloud-netflix-archaius-2.0.1.RELEASE.jar;F:\spring\repository\commons-configuration\commons-configuration\1.8\commons-configuration-1.8.jar;F:\spring\repository\org\springframework\cloud\spring-cloud-starter-netflix-ribbon\2.0.1.RELEASE\spring-cloud-starter-netflix-ribbon-2.0.1.RELEASE.jar;F:\spring\repository\com\netflix\ribbon\ribbon\2.2.5\ribbon-2.2.5.jar;F:\spring\repository\com\netflix\ribbon\ribbon-transport\2.2.5\ribbon-transport-2.2.5.jar;F:\spring\repository\io\reactivex\rxnetty-contexts\0.4.9\rxnetty-contexts-0.4.9.jar;F:\spring\repository\io\reactivex\rxnetty-servo\0.4.9\rxnetty-servo-0.4.9.jar;F:\spring\repository\com\netflix\hystrix\hystrix-core\1.5.12\hystrix-core-1.5.12.jar;F:\spring\repository\org\hdrhistogram\HdrHistogram\2.1.9\HdrHistogram-2.1.9.jar;F:\spring\repository\io\reactivex\rxnetty\0.4.9\rxnetty-0.4.9.jar;F:\spring\repository\io\netty\netty-codec-http\4.1.29.Final\netty-codec-http-4.1.29.Final.jar;F:\spring\repository\io\netty\netty-codec\4.1.29.Final\netty-codec-4.1.29.Final.jar;F:\spring\repository\io\netty\netty-transport-native-epoll\4.1.29.Final\netty-transport-native-epoll-4.1.29.Final.jar;F:\spring\repository\io\netty\netty-common\4.1.29.Final\netty-common-4.1.29.Final.jar;F:\spring\repository\io\netty\netty-buffer\4.1.29.Final\netty-buffer-4.1.29.Final.jar;F:\spring\repository\io\netty\netty-transport-native-unix-common\4.1.29.Final\netty-transport-native-unix-common-4.1.29.Final.jar;F:\spring\repository\io\netty\netty-transport\4.1.29.Final\netty-transport-4.1.29.Final.jar;F:\spring\repository\io\netty\netty-resolver\4.1.29.Final\netty-resolver-4.1.29.Final.jar;F:\spring\repository\com\netflix\ribbon\ribbon-core\2.2.5\ribbon-core-2.2.5.jar;F:\spring\repository\com\netflix\ribbon\ribbon-httpclient\2.2.5\ribbon-httpclient-2.2.5.jar;F:\spring\repository\com\netflix\netflix-commons\netflix-commons-util\0.3.0\netflix-commons-util-0.3.0.jar;F:\spring\repository\com\netflix\ribbon\ribbon-loadbalancer\2.2.5\ribbon-loadbalancer-2.2.5.jar;F:\spring\repository\com\netflix\netflix-commons\netflix-statistics\0.1.1\netflix-statistics-0.1.1.jar;F:\spring\repository\io\reactivex\rxjava\1.2.0\rxjava-1.2.0.jar;F:\spring\repository\com\netflix\ribbon\ribbon-eureka\2.2.5\ribbon-eureka-2.2.5.jar;F:\spring\repository\com\thoughtworks\xstream\xstream\1.4.10\xstream-1.4.10.jar;F:\spring\repository\xmlpull\xmlpull\1.1.3.1\xmlpull-1.1.3.1.jar;F:\spring\repository\xpp3\xpp3_min\1.1.4c\xpp3_min-1.1.4c.jar;F:\Java\IDEA\aigou-parent\aigou_basic_parent\aigou_basic_util\target\classes;F:\spring\repository\redis\clients\jedis\2.9.0\jedis-2.9.0.jar;F:\spring\repository\org\apache\commons\commons-pool2\2.5.0\commons-pool2-2.5.0.jar;F:\spring\repository\org\apache\velocity\velocity\1.7\velocity-1.7.jar;F:\spring\repository\commons-collections\commons-collections\3.2.1\commons-collections-3.2.1.jar;F:\spring\repository\commons-lang\commons-lang\2.4\commons-lang-2.4.jar;F:\Java\IDEA\aigou-parent\aigou_product_parent\aigou_product_interface\target\classes;F:\spring\repository\com\baomidou\mybatis-plus\3.1.2\mybatis-plus-3.1.2.jar;F:\spring\repository\com\baomidou\mybatis-plus-extension\3.1.2\mybatis-plus-extension-3.1.2.jar;F:\spring\repository\com\baomidou\mybatis-plus-core\3.1.2\mybatis-plus-core-3.1.2.jar;F:\spring\repository\com\baomidou\mybatis-plus-annotation\3.1.2\mybatis-plus-annotation-3.1.2.jar;F:\spring\repository\com\github\jsqlparser\jsqlparser\1.2\jsqlparser-1.2.jar;F:\spring\repository\org\mybatis\mybatis\3.5.1\mybatis-3.5.1.jar;F:\spring\repository\org\mybatis\mybatis-spring\2.0.1\mybatis-spring-2.0.1.jar;F:\spring\repository\com\alibaba\fastjson\1.2.47\fastjson-1.2.47.jar;F:\spring\repository\io\springfox\springfox-swagger2\2.9.2\springfox-swagger2-2.9.2.jar;F:\spring\repository\io\swagger\swagger-annotations\1.5.20\swagger-annotations-1.5.20.jar;F:\spring\repository\io\swagger\swagger-models\1.5.20\swagger-models-1.5.20.jar;F:\spring\repository\io\springfox\springfox-spi\2.9.2\springfox-spi-2.9.2.jar;F:\spring\repository\io\springfox\springfox-core\2.9.2\springfox-core-2.9.2.jar;F:\spring\repository\io\springfox\springfox-schema\2.9.2\springfox-schema-2.9.2.jar;F:\spring\repository\io\springfox\springfox-swagger-common\2.9.2\springfox-swagger-common-2.9.2.jar;F:\spring\repository\io\springfox\springfox-spring-web\2.9.2\springfox-spring-web-2.9.2.jar;F:\spring\repository\com\google\guava\guava\20.0\guava-20.0.jar;F:\spring\repository\com\fasterxml\classmate\1.3.4\classmate-1.3.4.jar;F:\spring\repository\org\slf4j\slf4j-api\1.7.25\slf4j-api-1.7.25.jar;F:\spring\repository\org\springframework\plugin\spring-plugin-core\1.2.0.RELEASE\spring-plugin-core-1.2.0.RELEASE.jar;F:\spring\repository\org\springframework\plugin\spring-plugin-metadata\1.2.0.RELEASE\spring-plugin-metadata-1.2.0.RELEASE.jar;F:\spring\repository\org\mapstruct\mapstruct\1.2.0.Final\mapstruct-1.2.0.Final.jar;F:\spring\repository\io\springfox\springfox-swagger-ui\2.9.2\springfox-swagger-ui-2.9.2.jar;F:\spring\repository\org\springframework\cloud\spring-cloud-starter-config\2.0.1.RELEASE\spring-cloud-starter-config-2.0.1.RELEASE.jar;F:\spring\repository\org\springframework\cloud\spring-cloud-config-client\2.0.1.RELEASE\spring-cloud-config-client-2.0.1.RELEASE.jar;F:\spring\repository\com\fasterxml\jackson\core\jackson-databind\2.9.6\jackson-databind-2.9.6.jar;F:\spring\repository\com\baomidou\mybatis-plus-boot-starter\3.1.2\mybatis-plus-boot-starter-3.1.2.jar;F:\spring\repository\org\springframework\boot\spring-boot-autoconfigure\2.0.5.RELEASE\spring-boot-autoconfigure-2.0.5.RELEASE.jar;F:\spring\repository\org\springframework\boot\spring-boot-starter-jdbc\2.0.5.RELEASE\spring-boot-starter-jdbc-2.0.5.RELEASE.jar;F:\spring\repository\com\zaxxer\HikariCP\2.7.9\HikariCP-2.7.9.jar;F:\spring\repository\org\springframework\spring-jdbc\5.0.9.RELEASE\spring-jdbc-5.0.9.RELEASE.jar;F:\spring\repository\org\springframework\spring-tx\5.0.9.RELEASE\spring-tx-5.0.9.RELEASE.jar;F:\spring\repository\mysql\mysql-connector-java\5.1.6\mysql-connector-java-5.1.6.jar;F:\Java\IDEA\aigou-parent\aigou_common_parent\common_interface\target\classes;F:\spring\repository\org\springframework\cloud\spring-cloud-starter-openfeign\2.0.1.RELEASE\spring-cloud-starter-openfeign-2.0.1.RELEASE.jar;F:\spring\repository\org\springframework\cloud\spring-cloud-openfeign-core\2.0.1.RELEASE\spring-cloud-openfeign-core-2.0.1.RELEASE.jar;F:\spring\repository\io\github\openfeign\feign-core\9.5.1\feign-core-9.5.1.jar;F:\spring\repository\io\github\openfeign\feign-slf4j\9.5.1\feign-slf4j-9.5.1.jar;F:\spring\repository\io\github\openfeign\feign-hystrix\9.5.1\feign-hystrix-9.5.1.jar;F:\spring\repository\io\github\openfeign\feign-java8\9.5.1\feign-java8-9.5.1.jar;F:\spring\repository\junit\junit\4.12\junit-4.12.jar;, java.specification.name=Java Platform API Specification, java.class.version=52.0, sun.management.compiler=HotSpot 64-Bit Tiered Compilers, os.version=10.0, user.home=C:\Users\Administrator, user.timezone=Asia/Shanghai, java.awt.printerjob=sun.awt.windows.WPrinterJob, file.encoding=GBK, java.specification.version=1.8, java.class.path=F:\Java\IDEA\aigou-parent\aigou_product_parent\aigou_product_service\target\test-classes;F:\Java\IDEA\aigou-parent\aigou_product_parent\aigou_product_service\target\classes;F:\spring\repository\org\springframework\boot\spring-boot-starter-test\2.0.5.RELEASE\spring-boot-starter-test-2.0.5.RELEASE.jar;F:\spring\repository\org\springframework\boot\spring-boot-starter\2.0.5.RELEASE\spring-boot-starter-2.0.5.RELEASE.jar;F:\spring\repository\org\springframework\boot\spring-boot\2.0.5.RELEASE\spring-boot-2.0.5.RELEASE.jar;F:\spring\repository\org\springframework\boot\spring-boot-starter-logging\2.0.5.RELEASE\spring-boot-starter-logging-2.0.5.RELEASE.jar;F:\spring\repository\ch\qos\logback\logback-classic\1.2.3\logback-classic-1.2.3.jar;F:\spring\repository\ch\qos\logback\logback-core\1.2.3\logback-core-1.2.3.jar;F:\spring\repository\org\apache\logging\log4j\log4j-to-slf4j\2.10.0\log4j-to-slf4j-2.10.0.jar;F:\spring\repository\org\apache\logging\log4j\log4j-api\2.10.0\log4j-api-2.10.0.jar;F:\spring\repository\org\slf4j\jul-to-slf4j\1.7.25\jul-to-slf4j-1.7.25.jar;F:\spring\repository\javax\annotation\javax.annotation-api\1.3.2\javax.annotation-api-1.3.2.jar;F:\spring\repository\org\yaml\snakeyaml\1.19\snakeyaml-1.19.jar;F:\spring\repository\org\springframework\boot\spring-boot-test\2.0.5.RELEASE\spring-boot-test-2.0.5.RELEASE.jar;F:\spring\repository\org\springframework\boot\spring-boot-test-autoconfigure\2.0.5.RELEASE\spring-boot-test-autoconfigure-2.0.5.RELEASE.jar;F:\spring\repository\com\jayway\jsonpath\json-path\2.4.0\json-path-2.4.0.jar;F:\spring\repository\net\minidev\json-smart\2.3\json-smart-2.3.jar;F:\spring\repository\net\minidev\accessors-smart\1.2\accessors-smart-1.2.jar;F:\spring\repository\org\ow2\asm\asm\5.0.4\asm-5.0.4.jar;F:\spring\repository\org\assertj\assertj-core\3.9.1\assertj-core-3.9.1.jar;F:\spring\repository\org\mockito\mockito-core\2.15.0\mockito-core-2.15.0.jar;F:\spring\repository\net\bytebuddy\byte-buddy\1.7.11\byte-buddy-1.7.11.jar;F:\spring\repository\net\bytebuddy\byte-buddy-agent\1.7.11\byte-buddy-agent-1.7.11.jar;F:\spring\repository\org\objenesis\objenesis\2.6\objenesis-2.6.jar;F:\spring\repository\org\hamcrest\hamcrest-core\1.3\hamcrest-core-1.3.jar;F:\spring\repository\org\hamcrest\hamcrest-library\1.3\hamcrest-library-1.3.jar;F:\spring\repository\org\skyscreamer\jsonassert\1.5.0\jsonassert-1.5.0.jar;F:\spring\repository\com\vaadin\external\google\android-json\0.0.20131108.vaadin1\android-json-0.0.20131108.vaadin1.jar;F:\spring\repository\org\springframework\spring-core\5.0.9.RELEASE\spring-core-5.0.9.RELEASE.jar;F:\spring\repository\org\springframework\spring-jcl\5.0.9.RELEASE\spring-jcl-5.0.9.RELEASE.jar;F:\spring\repository\org\springframework\spring-test\5.0.9.RELEASE\spring-test-5.0.9.RELEASE.jar;F:\spring\repository\org\xmlunit\xmlunit-core\2.5.1\xmlunit-core-2.5.1.jar;F:\spring\repository\org\springframework\boot\spring-boot-starter-web\2.0.5.RELEASE\spring-boot-starter-web-2.0.5.RELEASE.jar;F:\spring\repository\org\springframework\boot\spring-boot-starter-json\2.0.5.RELEASE\spring-boot-starter-json-2.0.5.RELEASE.jar;F:\spring\repository\com\fasterxml\jackson\datatype\jackson-datatype-jdk8\2.9.6\jackson-datatype-jdk8-2.9.6.jar;F:\spring\repository\com\fasterxml\jackson\datatype\jackson-datatype-jsr310\2.9.6\jackson-datatype-jsr310-2.9.6.jar;F:\spring\repository\com\fasterxml\jackson\module\jackson-module-parameter-names\2.9.6\jackson-module-parameter-names-2.9.6.jar;F:\spring\repository\org\springframework\boot\spring-boot-starter-tomcat\2.0.5.RELEASE\spring-boot-starter-tomcat-2.0.5.RELEASE.jar;F:\spring\repository\org\apache\tomcat\embed\tomcat-embed-core\8.5.34\tomcat-embed-core-8.5.34.jar;F:\spring\repository\org\apache\tomcat\embed\tomcat-embed-el\8.5.34\tomcat-embed-el-8.5.34.jar;F:\spring\repository\org\apache\tomcat\embed\tomcat-embed-websocket\8.5.34\tomcat-embed-websocket-8.5.34.jar;F:\spring\repository\org\hibernate\validator\hibernate-validator\6.0.12.Final\hibernate-validator-6.0.12.Final.jar;F:\spring\repository\javax\validation\validation-api\2.0.1.Final\validation-api-2.0.1.Final.jar;F:\spring\repository\org\jboss\logging\jboss-logging\3.3.2.Final\jboss-logging-3.3.2.Final.jar;F:\spring\repository\org\springframework\spring-web\5.0.9.RELEASE\spring-web-5.0.9.RELEASE.jar;F:\spring\repository\org\springframework\spring-beans\5.0.9.RELEASE\spring-beans-5.0.9.RELEASE.jar;F:\spring\repository\org\springframework\spring-webmvc\5.0.9.RELEASE\spring-webmvc-5.0.9.RELEASE.jar;F:\spring\repository\org\springframework\spring-aop\5.0.9.RELEASE\spring-aop-5.0.9.RELEASE.jar;F:\spring\repository\org\springframework\spring-context\5.0.9.RELEASE\spring-context-5.0.9.RELEASE.jar;F:\spring\repository\org\springframework\spring-expression\5.0.9.RELEASE\spring-expression-5.0.9.RELEASE.jar;F:\spring\repository\org\springframework\cloud\spring-cloud-starter-netflix-eureka-client\2.0.1.RELEASE\spring-cloud-starter-netflix-eureka-client-2.0.1.RELEASE.jar;F:\spring\repository\org\springframework\cloud\spring-cloud-starter\2.0.1.RELEASE\spring-cloud-starter-2.0.1.RELEASE.jar;F:\spring\repository\org\springframework\cloud\spring-cloud-context\2.0.1.RELEASE\spring-cloud-context-2.0.1.RELEASE.jar;F:\spring\repository\org\springframework\security\spring-security-crypto\5.0.8.RELEASE\spring-security-crypto-5.0.8.RELEASE.jar;F:\spring\repository\org\springframework\cloud\spring-cloud-commons\2.0.1.RELEASE\spring-cloud-commons-2.0.1.RELEASE.jar;F:\spring\repository\org\springframework\security\spring-security-rsa\1.0.5.RELEASE\spring-security-rsa-1.0.5.RELEASE.jar;F:\spring\repository\org\bouncycastle\bcpkix-jdk15on\1.56\bcpkix-jdk15on-1.56.jar;F:\spring\repository\org\bouncycastle\bcprov-jdk15on\1.56\bcprov-jdk15on-1.56.jar;F:\spring\repository\org\springframework\cloud\spring-cloud-netflix-core\2.0.1.RELEASE\spring-cloud-netflix-core-2.0.1.RELEASE.jar;F:\spring\repository\org\springframework\boot\spring-boot-starter-aop\2.0.5.RELEASE\spring-boot-starter-aop-2.0.5.RELEASE.jar;F:\spring\repository\org\aspectj\aspectjweaver\1.8.13\aspectjweaver-1.8.13.jar;F:\spring\repository\org\springframework\cloud\spring-cloud-netflix-eureka-client\2.0.1.RELEASE\spring-cloud-netflix-eureka-client-2.0.1.RELEASE.jar;F:\spring\repository\com\netflix\eureka\eureka-client\1.9.3\eureka-client-1.9.3.jar;F:\spring\repository\org\codehaus\jettison\jettison\1.3.7\jettison-1.3.7.jar;F:\spring\repository\stax\stax-api\1.0.1\stax-api-1.0.1.jar;F:\spring\repository\com\netflix\netflix-commons\netflix-eventbus\0.3.0\netflix-eventbus-0.3.0.jar;F:\spring\repository\com\netflix\netflix-commons\netflix-infix\0.3.0\netflix-infix-0.3.0.jar;F:\spring\repository\commons-jxpath\commons-jxpath\1.3\commons-jxpath-1.3.jar;F:\spring\repository\joda-time\joda-time\2.9.9\joda-time-2.9.9.jar;F:\spring\repository\org\antlr\antlr-runtime\3.4\antlr-runtime-3.4.jar;F:\spring\repository\org\antlr\stringtemplate\3.2.1\stringtemplate-3.2.1.jar;F:\spring\repository\antlr\antlr\2.7.7\antlr-2.7.7.jar;F:\spring\repository\com\google\code\gson\gson\2.8.5\gson-2.8.5.jar;F:\spring\repository\org\apache\commons\commons-math\2.2\commons-math-2.2.jar;F:\spring\repository\com\netflix\archaius\archaius-core\0.7.6\archaius-core-0.7.6.jar;F:\spring\repository\javax\ws\rs\jsr311-api\1.1.1\jsr311-api-1.1.1.jar;F:\spring\repository\com\netflix\servo\servo-core\0.12.21\servo-core-0.12.21.jar;F:\spring\repository\com\sun\jersey\jersey-core\1.19.1\jersey-core-1.19.1.jar;F:\spring\repository\com\sun\jersey\jersey-client\1.19.1\jersey-client-1.19.1.jar;F:\spring\repository\com\sun\jersey\contribs\jersey-apache-client4\1.19.1\jersey-apache-client4-1.19.1.jar;F:\spring\repository\org\apache\httpcomponents\httpclient\4.5.6\httpclient-4.5.6.jar;F:\spring\repository\org\apache\httpcomponents\httpcore\4.4.10\httpcore-4.4.10.jar;F:\spring\repository\commons-codec\commons-codec\1.11\commons-codec-1.11.jar;F:\spring\repository\com\google\inject\guice\4.1.0\guice-4.1.0.jar;F:\spring\repository\javax\inject\javax.inject\1\javax.inject-1.jar;F:\spring\repository\aopalliance\aopalliance\1.0\aopalliance-1.0.jar;F:\spring\repository\com\github\vlsi\compactmap\compactmap\1.2.1\compactmap-1.2.1.jar;F:\spring\repository\com\github\andrewoma\dexx\dexx-collections\0.2\dexx-collections-0.2.jar;F:\spring\repository\com\fasterxml\jackson\core\jackson-annotations\2.9.0\jackson-annotations-2.9.0.jar;F:\spring\repository\com\fasterxml\jackson\core\jackson-core\2.9.6\jackson-core-2.9.6.jar;F:\spring\repository\com\netflix\eureka\eureka-core\1.9.3\eureka-core-1.9.3.jar;F:\spring\repository\org\codehaus\woodstox\woodstox-core-asl\4.4.1\woodstox-core-asl-4.4.1.jar;F:\spring\repository\javax\xml\stream\stax-api\1.0-2\stax-api-1.0-2.jar;F:\spring\repository\org\codehaus\woodstox\stax2-api\3.1.4\stax2-api-3.1.4.jar;F:\spring\repository\org\springframework\cloud\spring-cloud-starter-netflix-archaius\2.0.1.RELEASE\spring-cloud-starter-netflix-archaius-2.0.1.RELEASE.jar;F:\spring\repository\org\springframework\cloud\spring-cloud-netflix-ribbon\2.0.1.RELEASE\spring-cloud-netflix-ribbon-2.0.1.RELEASE.jar;F:\spring\repository\org\springframework\cloud\spring-cloud-netflix-archaius\2.0.1.RELEASE\spring-cloud-netflix-archaius-2.0.1.RELEASE.jar;F:\spring\repository\commons-configuration\commons-configuration\1.8\commons-configuration-1.8.jar;F:\spring\repository\org\springframework\cloud\spring-cloud-starter-netflix-ribbon\2.0.1.RELEASE\spring-cloud-starter-netflix-ribbon-2.0.1.RELEASE.jar;F:\spring\repository\com\netflix\ribbon\ribbon\2.2.5\ribbon-2.2.5.jar;F:\spring\repository\com\netflix\ribbon\ribbon-transport\2.2.5\ribbon-transport-2.2.5.jar;F:\spring\repository\io\reactivex\rxnetty-contexts\0.4.9\rxnetty-contexts-0.4.9.jar;F:\spring\repository\io\reactivex\rxnetty-servo\0.4.9\rxnetty-servo-0.4.9.jar;F:\spring\repository\com\netflix\hystrix\hystrix-core\1.5.12\hystrix-core-1.5.12.jar;F:\spring\repository\org\hdrhistogram\HdrHistogram\2.1.9\HdrHistogram-2.1.9.jar;F:\spring\repository\io\reactivex\rxnetty\0.4.9\rxnetty-0.4.9.jar;F:\spring\repository\io\netty\netty-codec-http\4.1.29.Final\netty-codec-http-4.1.29.Final.jar;F:\spring\repository\io\netty\netty-codec\4.1.29.Final\netty-codec-4.1.29.Final.jar;F:\spring\repository\io\netty\netty-transport-native-epoll\4.1.29.Final\netty-transport-native-epoll-4.1.29.Final.jar;F:\spring\repository\io\netty\netty-common\4.1.29.Final\netty-common-4.1.29.Final.jar;F:\spring\repository\io\netty\netty-buffer\4.1.29.Final\netty-buffer-4.1.29.Final.jar;F:\spring\repository\io\netty\netty-transport-native-unix-common\4.1.29.Final\netty-transport-native-unix-common-4.1.29.Final.jar;F:\spring\repository\io\netty\netty-transport\4.1.29.Final\netty-transport-4.1.29.Final.jar;F:\spring\repository\io\netty\netty-resolver\4.1.29.Final\netty-resolver-4.1.29.Final.jar;F:\spring\repository\com\netflix\ribbon\ribbon-core\2.2.5\ribbon-core-2.2.5.jar;F:\spring\repository\com\netflix\ribbon\ribbon-httpclient\2.2.5\ribbon-httpclient-2.2.5.jar;F:\spring\repository\com\netflix\netflix-commons\netflix-commons-util\0.3.0\netflix-commons-util-0.3.0.jar;F:\spring\repository\com\netflix\ribbon\ribbon-loadbalancer\2.2.5\ribbon-loadbalancer-2.2.5.jar;F:\spring\repository\com\netflix\netflix-commons\netflix-statistics\0.1.1\netflix-statistics-0.1.1.jar;F:\spring\repository\io\reactivex\rxjava\1.2.0\rxjava-1.2.0.jar;F:\spring\repository\com\netflix\ribbon\ribbon-eureka\2.2.5\ribbon-eureka-2.2.5.jar;F:\spring\repository\com\thoughtworks\xstream\xstream\1.4.10\xstream-1.4.10.jar;F:\spring\repository\xmlpull\xmlpull\1.1.3.1\xmlpull-1.1.3.1.jar;F:\spring\repository\xpp3\xpp3_min\1.1.4c\xpp3_min-1.1.4c.jar;F:\Java\IDEA\aigou-parent\aigou_basic_parent\aigou_basic_util\target\classes;F:\spring\repository\redis\clients\jedis\2.9.0\jedis-2.9.0.jar;F:\spring\repository\org\apache\commons\commons-pool2\2.5.0\commons-pool2-2.5.0.jar;F:\spring\repository\org\apache\velocity\velocity\1.7\velocity-1.7.jar;F:\spring\repository\commons-collections\commons-collections\3.2.1\commons-collections-3.2.1.jar;F:\spring\repository\commons-lang\commons-lang\2.4\commons-lang-2.4.jar;F:\Java\IDEA\aigou-parent\aigou_product_parent\aigou_product_interface\target\classes;F:\spring\repository\com\baomidou\mybatis-plus\3.1.2\mybatis-plus-3.1.2.jar;F:\spring\repository\com\baomidou\mybatis-plus-extension\3.1.2\mybatis-plus-extension-3.1.2.jar;F:\spring\repository\com\baomidou\mybatis-plus-core\3.1.2\mybatis-plus-core-3.1.2.jar;F:\spring\repository\com\baomidou\mybatis-plus-annotation\3.1.2\mybatis-plus-annotation-3.1.2.jar;F:\spring\repository\com\github\jsqlparser\jsqlparser\1.2\jsqlparser-1.2.jar;F:\spring\repository\org\mybatis\mybatis\3.5.1\mybatis-3.5.1.jar;F:\spring\repository\org\mybatis\mybatis-spring\2.0.1\mybatis-spring-2.0.1.jar;F:\spring\repository\com\alibaba\fastjson\1.2.47\fastjson-1.2.47.jar;F:\spring\repository\io\springfox\springfox-swagger2\2.9.2\springfox-swagger2-2.9.2.jar;F:\spring\repository\io\swagger\swagger-annotations\1.5.20\swagger-annotations-1.5.20.jar;F:\spring\repository\io\swagger\swagger-models\1.5.20\swagger-models-1.5.20.jar;F:\spring\repository\io\springfox\springfox-spi\2.9.2\springfox-spi-2.9.2.jar;F:\spring\repository\io\springfox\springfox-core\2.9.2\springfox-core-2.9.2.jar;F:\spring\repository\io\springfox\springfox-schema\2.9.2\springfox-schema-2.9.2.jar;F:\spring\repository\io\springfox\springfox-swagger-common\2.9.2\springfox-swagger-common-2.9.2.jar;F:\spring\repository\io\springfox\springfox-spring-web\2.9.2\springfox-spring-web-2.9.2.jar;F:\spring\repository\com\google\guava\guava\20.0\guava-20.0.jar;F:\spring\repository\com\fasterxml\classmate\1.3.4\classmate-1.3.4.jar;F:\spring\repository\org\slf4j\slf4j-api\1.7.25\slf4j-api-1.7.25.jar;F:\spring\repository\org\springframework\plugin\spring-plugin-core\1.2.0.RELEASE\spring-plugin-core-1.2.0.RELEASE.jar;F:\spring\repository\org\springframework\plugin\spring-plugin-metadata\1.2.0.RELEASE\spring-plugin-metadata-1.2.0.RELEASE.jar;F:\spring\repository\org\mapstruct\mapstruct\1.2.0.Final\mapstruct-1.2.0.Final.jar;F:\spring\repository\io\springfox\springfox-swagger-ui\2.9.2\springfox-swagger-ui-2.9.2.jar;F:\spring\repository\org\springframework\cloud\spring-cloud-starter-config\2.0.1.RELEASE\spring-cloud-starter-config-2.0.1.RELEASE.jar;F:\spring\repository\org\springframework\cloud\spring-cloud-config-client\2.0.1.RELEASE\spring-cloud-config-client-2.0.1.RELEASE.jar;F:\spring\repository\com\fasterxml\jackson\core\jackson-databind\2.9.6\jackson-databind-2.9.6.jar;F:\spring\repository\com\baomidou\mybatis-plus-boot-starter\3.1.2\mybatis-plus-boot-starter-3.1.2.jar;F:\spring\repository\org\springframework\boot\spring-boot-autoconfigure\2.0.5.RELEASE\spring-boot-autoconfigure-2.0.5.RELEASE.jar;F:\spring\repository\org\springframework\boot\spring-boot-starter-jdbc\2.0.5.RELEASE\spring-boot-starter-jdbc-2.0.5.RELEASE.jar;F:\spring\repository\com\zaxxer\HikariCP\2.7.9\HikariCP-2.7.9.jar;F:\spring\repository\org\springframework\spring-jdbc\5.0.9.RELEASE\spring-jdbc-5.0.9.RELEASE.jar;F:\spring\repository\org\springframework\spring-tx\5.0.9.RELEASE\spring-tx-5.0.9.RELEASE.jar;F:\spring\repository\mysql\mysql-connector-java\5.1.6\mysql-connector-java-5.1.6.jar;F:\Java\IDEA\aigou-parent\aigou_common_parent\common_interface\target\classes;F:\spring\repository\org\springframework\cloud\spring-cloud-starter-openfeign\2.0.1.RELEASE\spring-cloud-starter-openfeign-2.0.1.RELEASE.jar;F:\spring\repository\org\springframework\cloud\spring-cloud-openfeign-core\2.0.1.RELEASE\spring-cloud-openfeign-core-2.0.1.RELEASE.jar;F:\spring\repository\io\github\openfeign\feign-core\9.5.1\feign-core-9.5.1.jar;F:\spring\repository\io\github\openfeign\feign-slf4j\9.5.1\feign-slf4j-9.5.1.jar;F:\spring\repository\io\github\openfeign\feign-hystrix\9.5.1\feign-hystrix-9.5.1.jar;F:\spring\repository\io\github\openfeign\feign-java8\9.5.1\feign-java8-9.5.1.jar;F:\spring\repository\junit\junit\4.12\junit-4.12.jar;, user.name=Administrator, java.vm.specification.version=1.8, sun.java.command=F:\Java\IDEA\aigou-parent\aigou_product_parent\aigou_product_service\target\surefire\surefirebooter3585836597371685804.jar F:\Java\IDEA\aigou-parent\aigou_product_parent\aigou_product_service\target\surefire\surefire7547995367885860788tmp F:\Java\IDEA\aigou-parent\aigou_product_parent\aigou_product_service\target\surefire\surefire_92307891597482634222tmp, java.home=D:\Java\jre, sun.arch.data.model=64, user.language=zh, java.specification.vendor=Oracle Corporation, awt.toolkit=sun.awt.windows.WToolkit, java.vm.info=mixed mode, java.version=1.8.0_111, java.ext.dirs=D:\Java\jre\lib\ext;C:\windows\Sun\Java\lib\ext, sun.boot.class.path=D:\Java\jre\lib\resources.jar;D:\Java\jre\lib\rt.jar;D:\Java\jre\lib\sunrsasign.jar;D:\Java\jre\lib\jsse.jar;D:\Java\jre\lib\jce.jar;D:\Java\jre\lib\charsets.jar;D:\Java\jre\lib\jfr.jar;D:\Java\jre\classes, java.vendor=Oracle Corporation, localRepository=F:\spring\repository, file.separator=\, java.vendor.url.bug=http://bugreport.sun.com/bugreport/, sun.io.unicode.encoding=UnicodeLittle, sun.cpu.endian=little, sun.desktop=windows, sun.cpu.isalist=amd64}}, SystemEnvironmentPropertySource@1439337960 {name=&apos;systemEnvironment&apos;, properties={PATH=C:\Program Files (x86)\Common Files\NetSarang;D:\Java\bin;F:\spring\maven\apache-maven-3.3.9\bin;D:\apache-tomcat-8.0.52;C:\Program Files (x86)\MySQL\MySQL Server 5.5\bin;C:\Program Files (x86)\Common Files\Thunder Network\KanKan\Codecs;C:\windows\system32;C:\windows;C:\windows\System32\Wbem;C:\windows\System32\WindowsPowerShell\v1.0\;D:\JAVA\jre;F:\spring\svn\svnlient\bin;D:\Program Files\Git\cmd;D:\Program Files\TortoiseGit\bin;D:\Program Files\nodejs\;C:\Users\Administrator\AppData\Local\Microsoft\WindowsApps;C:\Program Files\Bandizip\;C:\Users\Administrator\AppData\Roaming\npm, USERDOMAIN_ROAMINGPROFILE=LXIAOBAI223, LOCALAPPDATA=C:\Users\Administrator\AppData\Local, PROCESSOR_LEVEL=6, SYSTEMDRIVE=C:, COMMONPROGRAMFILES(X86)=C:\Program Files (x86)\Common Files, USERDOMAIN=LXIAOBAI223, LOGONSERVER=\\LXIAOBAI223, JAVA_HOME=D:\Java, PROMPT=$P$G, SESSIONNAME=Console, ALLUSERSPROFILE=C:\ProgramData, PROGRAMFILES(X86)=C:\Program Files (x86), PROCESSOR_ARCHITECTURE=AMD64, DRIVERDATA=C:\Windows\System32\Drivers\DriverData, JRE_HOME=D:\JAVA\jre, MAVEN_HOME=F:\spring\maven\apache-maven-3.3.9, PROGRAMFILES=C:\Program Files, APPDATA=C:\Users\Administrator\AppData\Roaming, PSMODULEPATH=C:\Program Files\WindowsPowerShell\Modules;C:\windows\system32\WindowsPowerShell\v1.0\Modules, PROGRAMW6432=C:\Program Files, PROGRAMDATA=C:\ProgramData, SYSTEMROOT=C:\windows, USERNAME=Administrator, VISUALSVN_SERVER=F:\spring\svn\service\, PATHEXT=.COM;.EXE;.BAT;.CMD;.VBS;.VBE;.JS;.JSE;.WSF;.WSH;.MSC, OS=Windows_NT, COMMONPROGRAMW6432=C:\Program Files\Common Files, COMPUTERNAME=LXIAOBAI223, COMMONPROGRAMFILES=C:\Program Files\Common Files, COMSPEC=C:\windows\system32\cmd.exe, PROCESSOR_REVISION=3a09, WINDIR=C:\windows, =F:=F:\Java\IDEA\aigou-parent\aigou_product_parent\aigou_product_service, HOMEPATH=\Users\Administrator, TEMP=C:\Users\ADMINI~1\AppData\Local\Temp, HOMEDRIVE=C:, PROCESSOR_IDENTIFIER=Intel64 Family 6 Model 58 Stepping 9, GenuineIntel, USERPROFILE=C:\Users\Administrator, TMP=C:\Users\ADMINI~1\AppData\Local\Temp, PUBLIC=C:\Users\Public, NUMBER_OF_PROCESSORS=4, =::=::\}}]
02:29:38.894 [main] DEBUG org.springframework.core.io.support.PathMatchingResourcePatternResolver - Resolved classpath location [cc/wenjun/service/] to resources [URL [file:/F:/Java/IDEA/aigou-parent/aigou_product_parent/aigou_product_service/target/test-classes/cc/wenjun/service/], URL [file:/F:/Java/IDEA/aigou-parent/aigou_product_parent/aigou_product_service/target/classes/cc/wenjun/service/]]
02:29:38.896 [main] DEBUG org.springframework.core.io.support.PathMatchingResourcePatternResolver - Looking for matching resources in directory tree [F:\Java\IDEA\aigou-parent\aigou_product_parent\aigou_product_service\target\test-classes\cc\wenjun\service]
02:29:38.906 [main] DEBUG org.springframework.core.io.support.PathMatchingResourcePatternResolver - Searching directory [F:\Java\IDEA\aigou-parent\aigou_product_parent\aigou_product_service\target\test-classes\cc\wenjun\service] for files matching pattern [F:/Java/IDEA/aigou-parent/aigou_product_parent/aigou_product_service/target/test-classes/cc/wenjun/service/*.class]
02:29:38.917 [main] DEBUG org.springframework.core.io.support.PathMatchingResourcePatternResolver - Looking for matching resources in directory tree [F:\Java\IDEA\aigou-parent\aigou_product_parent\aigou_product_service\target\classes\cc\wenjun\service]
02:29:38.917 [main] DEBUG org.springframework.core.io.support.PathMatchingResourcePatternResolver - Searching directory [F:\Java\IDEA\aigou-parent\aigou_product_parent\aigou_product_service\target\classes\cc\wenjun\service] for files matching pattern [F:/Java/IDEA/aigou-parent/aigou_product_parent/aigou_product_service/target/classes/cc/wenjun/service/*.class]
02:29:38.920 [main] DEBUG org.springframework.core.io.support.PathMatchingResourcePatternResolver - Resolved location pattern [classpath*:cc/wenjun/service/*.class] to resources [file [F:\Java\IDEA\aigou-parent\aigou_product_parent\aigou_product_service\target\test-classes\cc\wenjun\service\BrandServiceTest.class], file [F:\Java\IDEA\aigou-parent\aigou_product_parent\aigou_product_service\target\classes\cc\wenjun\service\IBrandService.class], file [F:\Java\IDEA\aigou-parent\aigou_product_parent\aigou_product_service\target\classes\cc\wenjun\service\IProductService.class], file [F:\Java\IDEA\aigou-parent\aigou_product_parent\aigou_product_service\target\classes\cc\wenjun\service\IProductTypeService.class]]
02:29:38.964 [main] DEBUG org.springframework.core.io.support.PathMatchingResourcePatternResolver - Resolved classpath location [cc/wenjun/] to resources [URL [file:/F:/Java/IDEA/aigou-parent/aigou_product_parent/aigou_product_service/target/test-classes/cc/wenjun/], URL [file:/F:/Java/IDEA/aigou-parent/aigou_product_parent/aigou_product_service/target/classes/cc/wenjun/], URL [file:/F:/Java/IDEA/aigou-parent/aigou_basic_parent/aigou_basic_util/target/classes/cc/wenjun/], URL [file:/F:/Java/IDEA/aigou-parent/aigou_product_parent/aigou_product_interface/target/classes/cc/wenjun/], URL [file:/F:/Java/IDEA/aigou-parent/aigou_common_parent/common_interface/target/classes/cc/wenjun/]]
02:29:38.964 [main] DEBUG org.springframework.core.io.support.PathMatchingResourcePatternResolver - Looking for matching resources in directory tree [F:\Java\IDEA\aigou-parent\aigou_product_parent\aigou_product_service\target\test-classes\cc\wenjun]
02:29:38.964 [main] DEBUG org.springframework.core.io.support.PathMatchingResourcePatternResolver - Searching directory [F:\Java\IDEA\aigou-parent\aigou_product_parent\aigou_product_service\target\test-classes\cc\wenjun] for files matching pattern [F:/Java/IDEA/aigou-parent/aigou_product_parent/aigou_product_service/target/test-classes/cc/wenjun/*.class]
02:29:38.966 [main] DEBUG org.springframework.core.io.support.PathMatchingResourcePatternResolver - Looking for matching resources in directory tree [F:\Java\IDEA\aigou-parent\aigou_product_parent\aigou_product_service\target\classes\cc\wenjun]
02:29:38.966 [main] DEBUG org.springframework.core.io.support.PathMatchingResourcePatternResolver - Searching directory [F:\Java\IDEA\aigou-parent\aigou_product_parent\aigou_product_service\target\classes\cc\wenjun] for files matching pattern [F:/Java/IDEA/aigou-parent/aigou_product_parent/aigou_product_service/target/classes/cc/wenjun/*.class]
02:29:38.967 [main] DEBUG org.springframework.core.io.support.PathMatchingResourcePatternResolver - Looking for matching resources in directory tree [F:\Java\IDEA\aigou-parent\aigou_basic_parent\aigou_basic_util\target\classes\cc\wenjun]
02:29:38.968 [main] DEBUG org.springframework.core.io.support.PathMatchingResourcePatternResolver - Searching directory [F:\Java\IDEA\aigou-parent\aigou_basic_parent\aigou_basic_util\target\classes\cc\wenjun] for files matching pattern [F:/Java/IDEA/aigou-parent/aigou_basic_parent/aigou_basic_util/target/classes/cc/wenjun/*.class]
02:29:38.969 [main] DEBUG org.springframework.core.io.support.PathMatchingResourcePatternResolver - Looking for matching resources in directory tree [F:\Java\IDEA\aigou-parent\aigou_product_parent\aigou_product_interface\target\classes\cc\wenjun]
02:29:38.969 [main] DEBUG org.springframework.core.io.support.PathMatchingResourcePatternResolver - Searching directory [F:\Java\IDEA\aigou-parent\aigou_product_parent\aigou_product_interface\target\classes\cc\wenjun] for files matching pattern [F:/Java/IDEA/aigou-parent/aigou_product_parent/aigou_product_interface/target/classes/cc/wenjun/*.class]
02:29:38.970 [main] DEBUG org.springframework.core.io.support.PathMatchingResourcePatternResolver - Looking for matching resources in directory tree [F:\Java\IDEA\aigou-parent\aigou_common_parent\common_interface\target\classes\cc\wenjun]
02:29:38.970 [main] DEBUG org.springframework.core.io.support.PathMatchingResourcePatternResolver - Searching directory [F:\Java\IDEA\aigou-parent\aigou_common_parent\common_interface\target\classes\cc\wenjun] for files matching pattern [F:/Java/IDEA/aigou-parent/aigou_common_parent/common_interface/target/classes/cc/wenjun/*.class]
02:29:38.971 [main] DEBUG org.springframework.core.io.support.PathMatchingResourcePatternResolver - Resolved location pattern [classpath*:cc/wenjun/*.class] to resources [file [F:\Java\IDEA\aigou-parent\aigou_product_parent\aigou_product_service\target\test-classes\cc\wenjun\AppTest.class], file [F:\Java\IDEA\aigou-parent\aigou_product_parent\aigou_product_service\target\classes\cc\wenjun\ProductApplication2001.class], file [F:\Java\IDEA\aigou-parent\aigou_basic_parent\aigou_basic_util\target\classes\cc\wenjun\App.class], file [F:\Java\IDEA\aigou-parent\aigou_product_parent\aigou_product_interface\target\classes\cc\wenjun\App.class]]
02:29:39.036 [main] DEBUG org.springframework.context.annotation.ClassPathScanningCandidateComponentProvider - Identified candidate component class: file [F:\Java\IDEA\aigou-parent\aigou_product_parent\aigou_product_service\target\classes\cc\wenjun\ProductApplication2001.class]
02:29:39.040 [main] INFO org.springframework.boot.test.context.SpringBootTestContextBootstrapper - Found @SpringBootConfiguration cc.wenjun.ProductApplication2001 for test class cc.wenjun.service.BrandServiceTest
02:29:39.296 [main] DEBUG org.springframework.boot.test.context.SpringBootTestContextBootstrapper - @TestExecutionListeners is not present for class [cc.wenjun.service.BrandServiceTest]: using defaults.
02:29:39.297 [main] INFO org.springframework.boot.test.context.SpringBootTestContextBootstrapper - Loaded default TestExecutionListener class names from location [META-INF/spring.factories]: [org.springframework.boot.test.mock.mockito.MockitoTestExecutionListener, org.springframework.boot.test.mock.mockito.ResetMocksTestExecutionListener, org.springframework.boot.test.autoconfigure.restdocs.RestDocsTestExecutionListener, org.springframework.boot.test.autoconfigure.web.client.MockRestServiceServerResetTestExecutionListener, org.springframework.boot.test.autoconfigure.web.servlet.MockMvcPrintOnlyOnFailureTestExecutionListener, org.springframework.boot.test.autoconfigure.web.servlet.WebDriverTestExecutionListener, org.springframework.test.context.web.ServletTestExecutionListener, org.springframework.test.context.support.DirtiesContextBeforeModesTestExecutionListener, org.springframework.test.context.support.DependencyInjectionTestExecutionListener, org.springframework.test.context.support.DirtiesContextTestExecutionListener, org.springframework.test.context.transaction.TransactionalTestExecutionListener, org.springframework.test.context.jdbc.SqlScriptsTestExecutionListener]
02:29:39.359 [main] INFO org.springframework.boot.test.context.SpringBootTestContextBootstrapper - Using TestExecutionListeners: [org.springframework.test.context.web.ServletTestExecutionListener@446293d, org.springframework.test.context.support.DirtiesContextBeforeModesTestExecutionListener@69997e9d, org.springframework.boot.test.mock.mockito.MockitoTestExecutionListener@793be5ca, org.springframework.boot.test.autoconfigure.SpringBootDependencyInjectionTestExecutionListener@2df9b86, org.springframework.test.context.support.DirtiesContextTestExecutionListener@37654521, org.springframework.test.context.transaction.TransactionalTestExecutionListener@15aab8c6, org.springframework.test.context.jdbc.SqlScriptsTestExecutionListener@33990a0c, org.springframework.boot.test.mock.mockito.ResetMocksTestExecutionListener@4de4b452, org.springframework.boot.test.autoconfigure.restdocs.RestDocsTestExecutionListener@50b5ac82, org.springframework.boot.test.autoconfigure.web.client.MockRestServiceServerResetTestExecutionListener@101952da, org.springframework.boot.test.autoconfigure.web.servlet.MockMvcPrintOnlyOnFailureTestExecutionListener@6babf3bf, org.springframework.boot.test.autoconfigure.web.servlet.WebDriverTestExecutionListener@3059cbc]
02:29:39.370 [main] DEBUG org.springframework.test.annotation.ProfileValueUtils - Retrieved @ProfileValueSourceConfiguration [null] for test class [cc.wenjun.service.BrandServiceTest]
02:29:39.371 [main] DEBUG org.springframework.test.annotation.ProfileValueUtils - Retrieved ProfileValueSource type [class org.springframework.test.annotation.SystemProfileValueSource] for class [cc.wenjun.service.BrandServiceTest]
02:29:39.371 [main] DEBUG org.springframework.test.annotation.ProfileValueUtils - Retrieved @ProfileValueSourceConfiguration [null] for test class [cc.wenjun.service.BrandServiceTest]
02:29:39.371 [main] DEBUG org.springframework.test.annotation.ProfileValueUtils - Retrieved ProfileValueSource type [class org.springframework.test.annotation.SystemProfileValueSource] for class [cc.wenjun.service.BrandServiceTest]
02:29:39.391 [main] DEBUG org.springframework.test.context.support.AbstractDirtiesContextTestExecutionListener - Before test class: context [DefaultTestContext@32b260fa testClass = BrandServiceTest, testInstance = [null], testMethod = [null], testException = [null], mergedContextConfiguration = [WebMergedContextConfiguration@581ac8a8 testClass = BrandServiceTest, locations = &apos;{}&apos;, classes = &apos;{class cc.wenjun.ProductApplication2001}&apos;, contextInitializerClasses = &apos;[]&apos;, activeProfiles = &apos;{}&apos;, propertySourceLocations = &apos;{}&apos;, propertySourceProperties = &apos;{org.springframework.boot.test.context.SpringBootTestContextBootstrapper=true}&apos;, contextCustomizers = set[org.springframework.boot.test.context.filter.ExcludeFilterContextCustomizer@646be2c3, org.springframework.boot.test.json.DuplicateJsonObjectContextCustomizerFactory$DuplicateJsonObjectContextCustomizer@19dc67c2, org.springframework.boot.test.mock.mockito.MockitoContextCustomizer@0, org.springframework.boot.test.web.client.TestRestTemplateContextCustomizer@351d0846, org.springframework.boot.test.autoconfigure.properties.PropertyMappingContextCustomizer@0, org.springframework.boot.test.autoconfigure.web.servlet.WebDriverContextCustomizerFactory$Customizer@770c2e6b], resourceBasePath = &apos;src/main/webapp&apos;, contextLoader = &apos;org.springframework.boot.test.context.SpringBootContextLoader&apos;, parent = [null]], attributes = map[&apos;org.springframework.test.context.web.ServletTestExecutionListener.activateListener&apos; -&gt; true]], class annotated with @DirtiesContext [false] with mode [null].
02:29:39.392 [main] DEBUG org.springframework.test.annotation.ProfileValueUtils - Retrieved @ProfileValueSourceConfiguration [null] for test class [cc.wenjun.service.BrandServiceTest]
02:29:39.392 [main] DEBUG org.springframework.test.annotation.ProfileValueUtils - Retrieved ProfileValueSource type [class org.springframework.test.annotation.SystemProfileValueSource] for class [cc.wenjun.service.BrandServiceTest]
02:29:39.429 [main] DEBUG org.springframework.core.env.StandardEnvironment - Adding PropertySource &apos;systemProperties&apos; with lowest search precedence
02:29:39.429 [main] DEBUG org.springframework.core.env.StandardEnvironment - Adding PropertySource &apos;systemEnvironment&apos; with lowest search precedence
02:29:39.430 [main] DEBUG org.springframework.core.env.StandardEnvironment - Initialized StandardEnvironment with PropertySources [MapPropertySource@1208203046 {name=&apos;systemProperties&apos;, properties={idea.version=2017.3.3, java.runtime.name=Java(TM) SE Runtime Environment, sun.boot.library.path=D:\Java\jre\bin, java.vm.version=25.111-b14, java.vm.vendor=Oracle Corporation, java.vendor.url=http://java.oracle.com/, path.separator=;, java.vm.name=Java HotSpot(TM) 64-Bit Server VM, file.encoding.pkg=sun.io, user.country=CN, user.script=, sun.java.launcher=SUN_STANDARD, sun.os.patch.level=, java.vm.specification.name=Java Virtual Machine Specification, user.dir=F:\Java\IDEA\aigou-parent\aigou_product_parent\aigou_product_service, java.runtime.version=1.8.0_111-b14, basedir=F:\Java\IDEA\aigou-parent\aigou_product_parent\aigou_product_service, java.awt.graphicsenv=sun.awt.Win32GraphicsEnvironment, java.endorsed.dirs=D:\Java\jre\lib\endorsed, os.arch=amd64, surefire.real.class.path=F:\Java\IDEA\aigou-parent\aigou_product_parent\aigou_product_service\target\surefire\surefirebooter3585836597371685804.jar, java.io.tmpdir=C:\Users\ADMINI~1\AppData\Local\Temp\, line.separator=
, java.vm.specification.vendor=Oracle Corporation, user.variant=, os.name=Windows 10, sun.jnu.encoding=GBK, java.library.path=D:\Java\jre\bin;C:\windows\Sun\Java\bin;C:\windows\system32;C:\windows;C:\Program Files (x86)\Common Files\NetSarang;D:\Java\bin;F:\spring\maven\apache-maven-3.3.9\bin;D:\apache-tomcat-8.0.52;C:\Program Files (x86)\MySQL\MySQL Server 5.5\bin;C:\Program Files (x86)\Common Files\Thunder Network\KanKan\Codecs;C:\windows\system32;C:\windows;C:\windows\System32\Wbem;C:\windows\System32\WindowsPowerShell\v1.0\;D:\JAVA\jre;F:\spring\svn\svnlient\bin;D:\Program Files\Git\cmd;D:\Program Files\TortoiseGit\bin;D:\Program Files\nodejs\;C:\Users\Administrator\AppData\Local\Microsoft\WindowsApps;C:\Program Files\Bandizip\;C:\Users\Administrator\AppData\Roaming\npm;., surefire.test.class.path=F:\Java\IDEA\aigou-parent\aigou_product_parent\aigou_product_service\target\test-classes;F:\Java\IDEA\aigou-parent\aigou_product_parent\aigou_product_service\target\classes;F:\spring\repository\org\springframework\boot\spring-boot-starter-test\2.0.5.RELEASE\spring-boot-starter-test-2.0.5.RELEASE.jar;F:\spring\repository\org\springframework\boot\spring-boot-starter\2.0.5.RELEASE\spring-boot-starter-2.0.5.RELEASE.jar;F:\spring\repository\org\springframework\boot\spring-boot\2.0.5.RELEASE\spring-boot-2.0.5.RELEASE.jar;F:\spring\repository\org\springframework\boot\spring-boot-starter-logging\2.0.5.RELEASE\spring-boot-starter-logging-2.0.5.RELEASE.jar;F:\spring\repository\ch\qos\logback\logback-classic\1.2.3\logback-classic-1.2.3.jar;F:\spring\repository\ch\qos\logback\logback-core\1.2.3\logback-core-1.2.3.jar;F:\spring\repository\org\apache\logging\log4j\log4j-to-slf4j\2.10.0\log4j-to-slf4j-2.10.0.jar;F:\spring\repository\org\apache\logging\log4j\log4j-api\2.10.0\log4j-api-2.10.0.jar;F:\spring\repository\org\slf4j\jul-to-slf4j\1.7.25\jul-to-slf4j-1.7.25.jar;F:\spring\repository\javax\annotation\javax.annotation-api\1.3.2\javax.annotation-api-1.3.2.jar;F:\spring\repository\org\yaml\snakeyaml\1.19\snakeyaml-1.19.jar;F:\spring\repository\org\springframework\boot\spring-boot-test\2.0.5.RELEASE\spring-boot-test-2.0.5.RELEASE.jar;F:\spring\repository\org\springframework\boot\spring-boot-test-autoconfigure\2.0.5.RELEASE\spring-boot-test-autoconfigure-2.0.5.RELEASE.jar;F:\spring\repository\com\jayway\jsonpath\json-path\2.4.0\json-path-2.4.0.jar;F:\spring\repository\net\minidev\json-smart\2.3\json-smart-2.3.jar;F:\spring\repository\net\minidev\accessors-smart\1.2\accessors-smart-1.2.jar;F:\spring\repository\org\ow2\asm\asm\5.0.4\asm-5.0.4.jar;F:\spring\repository\org\assertj\assertj-core\3.9.1\assertj-core-3.9.1.jar;F:\spring\repository\org\mockito\mockito-core\2.15.0\mockito-core-2.15.0.jar;F:\spring\repository\net\bytebuddy\byte-buddy\1.7.11\byte-buddy-1.7.11.jar;F:\spring\repository\net\bytebuddy\byte-buddy-agent\1.7.11\byte-buddy-agent-1.7.11.jar;F:\spring\repository\org\objenesis\objenesis\2.6\objenesis-2.6.jar;F:\spring\repository\org\hamcrest\hamcrest-core\1.3\hamcrest-core-1.3.jar;F:\spring\repository\org\hamcrest\hamcrest-library\1.3\hamcrest-library-1.3.jar;F:\spring\repository\org\skyscreamer\jsonassert\1.5.0\jsonassert-1.5.0.jar;F:\spring\repository\com\vaadin\external\google\android-json\0.0.20131108.vaadin1\android-json-0.0.20131108.vaadin1.jar;F:\spring\repository\org\springframework\spring-core\5.0.9.RELEASE\spring-core-5.0.9.RELEASE.jar;F:\spring\repository\org\springframework\spring-jcl\5.0.9.RELEASE\spring-jcl-5.0.9.RELEASE.jar;F:\spring\repository\org\springframework\spring-test\5.0.9.RELEASE\spring-test-5.0.9.RELEASE.jar;F:\spring\repository\org\xmlunit\xmlunit-core\2.5.1\xmlunit-core-2.5.1.jar;F:\spring\repository\org\springframework\boot\spring-boot-starter-web\2.0.5.RELEASE\spring-boot-starter-web-2.0.5.RELEASE.jar;F:\spring\repository\org\springframework\boot\spring-boot-starter-json\2.0.5.RELEASE\spring-boot-starter-json-2.0.5.RELEASE.jar;F:\spring\repository\com\fasterxml\jackson\datatype\jackson-datatype-jdk8\2.9.6\jackson-datatype-jdk8-2.9.6.jar;F:\spring\repository\com\fasterxml\jackson\datatype\jackson-datatype-jsr310\2.9.6\jackson-datatype-jsr310-2.9.6.jar;F:\spring\repository\com\fasterxml\jackson\module\jackson-module-parameter-names\2.9.6\jackson-module-parameter-names-2.9.6.jar;F:\spring\repository\org\springframework\boot\spring-boot-starter-tomcat\2.0.5.RELEASE\spring-boot-starter-tomcat-2.0.5.RELEASE.jar;F:\spring\repository\org\apache\tomcat\embed\tomcat-embed-core\8.5.34\tomcat-embed-core-8.5.34.jar;F:\spring\repository\org\apache\tomcat\embed\tomcat-embed-el\8.5.34\tomcat-embed-el-8.5.34.jar;F:\spring\repository\org\apache\tomcat\embed\tomcat-embed-websocket\8.5.34\tomcat-embed-websocket-8.5.34.jar;F:\spring\repository\org\hibernate\validator\hibernate-validator\6.0.12.Final\hibernate-validator-6.0.12.Final.jar;F:\spring\repository\javax\validation\validation-api\2.0.1.Final\validation-api-2.0.1.Final.jar;F:\spring\repository\org\jboss\logging\jboss-logging\3.3.2.Final\jboss-logging-3.3.2.Final.jar;F:\spring\repository\org\springframework\spring-web\5.0.9.RELEASE\spring-web-5.0.9.RELEASE.jar;F:\spring\repository\org\springframework\spring-beans\5.0.9.RELEASE\spring-beans-5.0.9.RELEASE.jar;F:\spring\repository\org\springframework\spring-webmvc\5.0.9.RELEASE\spring-webmvc-5.0.9.RELEASE.jar;F:\spring\repository\org\springframework\spring-aop\5.0.9.RELEASE\spring-aop-5.0.9.RELEASE.jar;F:\spring\repository\org\springframework\spring-context\5.0.9.RELEASE\spring-context-5.0.9.RELEASE.jar;F:\spring\repository\org\springframework\spring-expression\5.0.9.RELEASE\spring-expression-5.0.9.RELEASE.jar;F:\spring\repository\org\springframework\cloud\spring-cloud-starter-netflix-eureka-client\2.0.1.RELEASE\spring-cloud-starter-netflix-eureka-client-2.0.1.RELEASE.jar;F:\spring\repository\org\springframework\cloud\spring-cloud-starter\2.0.1.RELEASE\spring-cloud-starter-2.0.1.RELEASE.jar;F:\spring\repository\org\springframework\cloud\spring-cloud-context\2.0.1.RELEASE\spring-cloud-context-2.0.1.RELEASE.jar;F:\spring\repository\org\springframework\security\spring-security-crypto\5.0.8.RELEASE\spring-security-crypto-5.0.8.RELEASE.jar;F:\spring\repository\org\springframework\cloud\spring-cloud-commons\2.0.1.RELEASE\spring-cloud-commons-2.0.1.RELEASE.jar;F:\spring\repository\org\springframework\security\spring-security-rsa\1.0.5.RELEASE\spring-security-rsa-1.0.5.RELEASE.jar;F:\spring\repository\org\bouncycastle\bcpkix-jdk15on\1.56\bcpkix-jdk15on-1.56.jar;F:\spring\repository\org\bouncycastle\bcprov-jdk15on\1.56\bcprov-jdk15on-1.56.jar;F:\spring\repository\org\springframework\cloud\spring-cloud-netflix-core\2.0.1.RELEASE\spring-cloud-netflix-core-2.0.1.RELEASE.jar;F:\spring\repository\org\springframework\boot\spring-boot-starter-aop\2.0.5.RELEASE\spring-boot-starter-aop-2.0.5.RELEASE.jar;F:\spring\repository\org\aspectj\aspectjweaver\1.8.13\aspectjweaver-1.8.13.jar;F:\spring\repository\org\springframework\cloud\spring-cloud-netflix-eureka-client\2.0.1.RELEASE\spring-cloud-netflix-eureka-client-2.0.1.RELEASE.jar;F:\spring\repository\com\netflix\eureka\eureka-client\1.9.3\eureka-client-1.9.3.jar;F:\spring\repository\org\codehaus\jettison\jettison\1.3.7\jettison-1.3.7.jar;F:\spring\repository\stax\stax-api\1.0.1\stax-api-1.0.1.jar;F:\spring\repository\com\netflix\netflix-commons\netflix-eventbus\0.3.0\netflix-eventbus-0.3.0.jar;F:\spring\repository\com\netflix\netflix-commons\netflix-infix\0.3.0\netflix-infix-0.3.0.jar;F:\spring\repository\commons-jxpath\commons-jxpath\1.3\commons-jxpath-1.3.jar;F:\spring\repository\joda-time\joda-time\2.9.9\joda-time-2.9.9.jar;F:\spring\repository\org\antlr\antlr-runtime\3.4\antlr-runtime-3.4.jar;F:\spring\repository\org\antlr\stringtemplate\3.2.1\stringtemplate-3.2.1.jar;F:\spring\repository\antlr\antlr\2.7.7\antlr-2.7.7.jar;F:\spring\repository\com\google\code\gson\gson\2.8.5\gson-2.8.5.jar;F:\spring\repository\org\apache\commons\commons-math\2.2\commons-math-2.2.jar;F:\spring\repository\com\netflix\archaius\archaius-core\0.7.6\archaius-core-0.7.6.jar;F:\spring\repository\javax\ws\rs\jsr311-api\1.1.1\jsr311-api-1.1.1.jar;F:\spring\repository\com\netflix\servo\servo-core\0.12.21\servo-core-0.12.21.jar;F:\spring\repository\com\sun\jersey\jersey-core\1.19.1\jersey-core-1.19.1.jar;F:\spring\repository\com\sun\jersey\jersey-client\1.19.1\jersey-client-1.19.1.jar;F:\spring\repository\com\sun\jersey\contribs\jersey-apache-client4\1.19.1\jersey-apache-client4-1.19.1.jar;F:\spring\repository\org\apache\httpcomponents\httpclient\4.5.6\httpclient-4.5.6.jar;F:\spring\repository\org\apache\httpcomponents\httpcore\4.4.10\httpcore-4.4.10.jar;F:\spring\repository\commons-codec\commons-codec\1.11\commons-codec-1.11.jar;F:\spring\repository\com\google\inject\guice\4.1.0\guice-4.1.0.jar;F:\spring\repository\javax\inject\javax.inject\1\javax.inject-1.jar;F:\spring\repository\aopalliance\aopalliance\1.0\aopalliance-1.0.jar;F:\spring\repository\com\github\vlsi\compactmap\compactmap\1.2.1\compactmap-1.2.1.jar;F:\spring\repository\com\github\andrewoma\dexx\dexx-collections\0.2\dexx-collections-0.2.jar;F:\spring\repository\com\fasterxml\jackson\core\jackson-annotations\2.9.0\jackson-annotations-2.9.0.jar;F:\spring\repository\com\fasterxml\jackson\core\jackson-core\2.9.6\jackson-core-2.9.6.jar;F:\spring\repository\com\netflix\eureka\eureka-core\1.9.3\eureka-core-1.9.3.jar;F:\spring\repository\org\codehaus\woodstox\woodstox-core-asl\4.4.1\woodstox-core-asl-4.4.1.jar;F:\spring\repository\javax\xml\stream\stax-api\1.0-2\stax-api-1.0-2.jar;F:\spring\repository\org\codehaus\woodstox\stax2-api\3.1.4\stax2-api-3.1.4.jar;F:\spring\repository\org\springframework\cloud\spring-cloud-starter-netflix-archaius\2.0.1.RELEASE\spring-cloud-starter-netflix-archaius-2.0.1.RELEASE.jar;F:\spring\repository\org\springframework\cloud\spring-cloud-netflix-ribbon\2.0.1.RELEASE\spring-cloud-netflix-ribbon-2.0.1.RELEASE.jar;F:\spring\repository\org\springframework\cloud\spring-cloud-netflix-archaius\2.0.1.RELEASE\spring-cloud-netflix-archaius-2.0.1.RELEASE.jar;F:\spring\repository\commons-configuration\commons-configuration\1.8\commons-configuration-1.8.jar;F:\spring\repository\org\springframework\cloud\spring-cloud-starter-netflix-ribbon\2.0.1.RELEASE\spring-cloud-starter-netflix-ribbon-2.0.1.RELEASE.jar;F:\spring\repository\com\netflix\ribbon\ribbon\2.2.5\ribbon-2.2.5.jar;F:\spring\repository\com\netflix\ribbon\ribbon-transport\2.2.5\ribbon-transport-2.2.5.jar;F:\spring\repository\io\reactivex\rxnetty-contexts\0.4.9\rxnetty-contexts-0.4.9.jar;F:\spring\repository\io\reactivex\rxnetty-servo\0.4.9\rxnetty-servo-0.4.9.jar;F:\spring\repository\com\netflix\hystrix\hystrix-core\1.5.12\hystrix-core-1.5.12.jar;F:\spring\repository\org\hdrhistogram\HdrHistogram\2.1.9\HdrHistogram-2.1.9.jar;F:\spring\repository\io\reactivex\rxnetty\0.4.9\rxnetty-0.4.9.jar;F:\spring\repository\io\netty\netty-codec-http\4.1.29.Final\netty-codec-http-4.1.29.Final.jar;F:\spring\repository\io\netty\netty-codec\4.1.29.Final\netty-codec-4.1.29.Final.jar;F:\spring\repository\io\netty\netty-transport-native-epoll\4.1.29.Final\netty-transport-native-epoll-4.1.29.Final.jar;F:\spring\repository\io\netty\netty-common\4.1.29.Final\netty-common-4.1.29.Final.jar;F:\spring\repository\io\netty\netty-buffer\4.1.29.Final\netty-buffer-4.1.29.Final.jar;F:\spring\repository\io\netty\netty-transport-native-unix-common\4.1.29.Final\netty-transport-native-unix-common-4.1.29.Final.jar;F:\spring\repository\io\netty\netty-transport\4.1.29.Final\netty-transport-4.1.29.Final.jar;F:\spring\repository\io\netty\netty-resolver\4.1.29.Final\netty-resolver-4.1.29.Final.jar;F:\spring\repository\com\netflix\ribbon\ribbon-core\2.2.5\ribbon-core-2.2.5.jar;F:\spring\repository\com\netflix\ribbon\ribbon-httpclient\2.2.5\ribbon-httpclient-2.2.5.jar;F:\spring\repository\com\netflix\netflix-commons\netflix-commons-util\0.3.0\netflix-commons-util-0.3.0.jar;F:\spring\repository\com\netflix\ribbon\ribbon-loadbalancer\2.2.5\ribbon-loadbalancer-2.2.5.jar;F:\spring\repository\com\netflix\netflix-commons\netflix-statistics\0.1.1\netflix-statistics-0.1.1.jar;F:\spring\repository\io\reactivex\rxjava\1.2.0\rxjava-1.2.0.jar;F:\spring\repository\com\netflix\ribbon\ribbon-eureka\2.2.5\ribbon-eureka-2.2.5.jar;F:\spring\repository\com\thoughtworks\xstream\xstream\1.4.10\xstream-1.4.10.jar;F:\spring\repository\xmlpull\xmlpull\1.1.3.1\xmlpull-1.1.3.1.jar;F:\spring\repository\xpp3\xpp3_min\1.1.4c\xpp3_min-1.1.4c.jar;F:\Java\IDEA\aigou-parent\aigou_basic_parent\aigou_basic_util\target\classes;F:\spring\repository\redis\clients\jedis\2.9.0\jedis-2.9.0.jar;F:\spring\repository\org\apache\commons\commons-pool2\2.5.0\commons-pool2-2.5.0.jar;F:\spring\repository\org\apache\velocity\velocity\1.7\velocity-1.7.jar;F:\spring\repository\commons-collections\commons-collections\3.2.1\commons-collections-3.2.1.jar;F:\spring\repository\commons-lang\commons-lang\2.4\commons-lang-2.4.jar;F:\Java\IDEA\aigou-parent\aigou_product_parent\aigou_product_interface\target\classes;F:\spring\repository\com\baomidou\mybatis-plus\3.1.2\mybatis-plus-3.1.2.jar;F:\spring\repository\com\baomidou\mybatis-plus-extension\3.1.2\mybatis-plus-extension-3.1.2.jar;F:\spring\repository\com\baomidou\mybatis-plus-core\3.1.2\mybatis-plus-core-3.1.2.jar;F:\spring\repository\com\baomidou\mybatis-plus-annotation\3.1.2\mybatis-plus-annotation-3.1.2.jar;F:\spring\repository\com\github\jsqlparser\jsqlparser\1.2\jsqlparser-1.2.jar;F:\spring\repository\org\mybatis\mybatis\3.5.1\mybatis-3.5.1.jar;F:\spring\repository\org\mybatis\mybatis-spring\2.0.1\mybatis-spring-2.0.1.jar;F:\spring\repository\com\alibaba\fastjson\1.2.47\fastjson-1.2.47.jar;F:\spring\repository\io\springfox\springfox-swagger2\2.9.2\springfox-swagger2-2.9.2.jar;F:\spring\repository\io\swagger\swagger-annotations\1.5.20\swagger-annotations-1.5.20.jar;F:\spring\repository\io\swagger\swagger-models\1.5.20\swagger-models-1.5.20.jar;F:\spring\repository\io\springfox\springfox-spi\2.9.2\springfox-spi-2.9.2.jar;F:\spring\repository\io\springfox\springfox-core\2.9.2\springfox-core-2.9.2.jar;F:\spring\repository\io\springfox\springfox-schema\2.9.2\springfox-schema-2.9.2.jar;F:\spring\repository\io\springfox\springfox-swagger-common\2.9.2\springfox-swagger-common-2.9.2.jar;F:\spring\repository\io\springfox\springfox-spring-web\2.9.2\springfox-spring-web-2.9.2.jar;F:\spring\repository\com\google\guava\guava\20.0\guava-20.0.jar;F:\spring\repository\com\fasterxml\classmate\1.3.4\classmate-1.3.4.jar;F:\spring\repository\org\slf4j\slf4j-api\1.7.25\slf4j-api-1.7.25.jar;F:\spring\repository\org\springframework\plugin\spring-plugin-core\1.2.0.RELEASE\spring-plugin-core-1.2.0.RELEASE.jar;F:\spring\repository\org\springframework\plugin\spring-plugin-metadata\1.2.0.RELEASE\spring-plugin-metadata-1.2.0.RELEASE.jar;F:\spring\repository\org\mapstruct\mapstruct\1.2.0.Final\mapstruct-1.2.0.Final.jar;F:\spring\repository\io\springfox\springfox-swagger-ui\2.9.2\springfox-swagger-ui-2.9.2.jar;F:\spring\repository\org\springframework\cloud\spring-cloud-starter-config\2.0.1.RELEASE\spring-cloud-starter-config-2.0.1.RELEASE.jar;F:\spring\repository\org\springframework\cloud\spring-cloud-config-client\2.0.1.RELEASE\spring-cloud-config-client-2.0.1.RELEASE.jar;F:\spring\repository\com\fasterxml\jackson\core\jackson-databind\2.9.6\jackson-databind-2.9.6.jar;F:\spring\repository\com\baomidou\mybatis-plus-boot-starter\3.1.2\mybatis-plus-boot-starter-3.1.2.jar;F:\spring\repository\org\springframework\boot\spring-boot-autoconfigure\2.0.5.RELEASE\spring-boot-autoconfigure-2.0.5.RELEASE.jar;F:\spring\repository\org\springframework\boot\spring-boot-starter-jdbc\2.0.5.RELEASE\spring-boot-starter-jdbc-2.0.5.RELEASE.jar;F:\spring\repository\com\zaxxer\HikariCP\2.7.9\HikariCP-2.7.9.jar;F:\spring\repository\org\springframework\spring-jdbc\5.0.9.RELEASE\spring-jdbc-5.0.9.RELEASE.jar;F:\spring\repository\org\springframework\spring-tx\5.0.9.RELEASE\spring-tx-5.0.9.RELEASE.jar;F:\spring\repository\mysql\mysql-connector-java\5.1.6\mysql-connector-java-5.1.6.jar;F:\Java\IDEA\aigou-parent\aigou_common_parent\common_interface\target\classes;F:\spring\repository\org\springframework\cloud\spring-cloud-starter-openfeign\2.0.1.RELEASE\spring-cloud-starter-openfeign-2.0.1.RELEASE.jar;F:\spring\repository\org\springframework\cloud\spring-cloud-openfeign-core\2.0.1.RELEASE\spring-cloud-openfeign-core-2.0.1.RELEASE.jar;F:\spring\repository\io\github\openfeign\feign-core\9.5.1\feign-core-9.5.1.jar;F:\spring\repository\io\github\openfeign\feign-slf4j\9.5.1\feign-slf4j-9.5.1.jar;F:\spring\repository\io\github\openfeign\feign-hystrix\9.5.1\feign-hystrix-9.5.1.jar;F:\spring\repository\io\github\openfeign\feign-java8\9.5.1\feign-java8-9.5.1.jar;F:\spring\repository\junit\junit\4.12\junit-4.12.jar;, java.specification.name=Java Platform API Specification, java.class.version=52.0, sun.management.compiler=HotSpot 64-Bit Tiered Compilers, os.version=10.0, user.home=C:\Users\Administrator, user.timezone=Asia/Shanghai, java.awt.printerjob=sun.awt.windows.WPrinterJob, file.encoding=GBK, java.specification.version=1.8, java.class.path=F:\Java\IDEA\aigou-parent\aigou_product_parent\aigou_product_service\target\test-classes;F:\Java\IDEA\aigou-parent\aigou_product_parent\aigou_product_service\target\classes;F:\spring\repository\org\springframework\boot\spring-boot-starter-test\2.0.5.RELEASE\spring-boot-starter-test-2.0.5.RELEASE.jar;F:\spring\repository\org\springframework\boot\spring-boot-starter\2.0.5.RELEASE\spring-boot-starter-2.0.5.RELEASE.jar;F:\spring\repository\org\springframework\boot\spring-boot\2.0.5.RELEASE\spring-boot-2.0.5.RELEASE.jar;F:\spring\repository\org\springframework\boot\spring-boot-starter-logging\2.0.5.RELEASE\spring-boot-starter-logging-2.0.5.RELEASE.jar;F:\spring\repository\ch\qos\logback\logback-classic\1.2.3\logback-classic-1.2.3.jar;F:\spring\repository\ch\qos\logback\logback-core\1.2.3\logback-core-1.2.3.jar;F:\spring\repository\org\apache\logging\log4j\log4j-to-slf4j\2.10.0\log4j-to-slf4j-2.10.0.jar;F:\spring\repository\org\apache\logging\log4j\log4j-api\2.10.0\log4j-api-2.10.0.jar;F:\spring\repository\org\slf4j\jul-to-slf4j\1.7.25\jul-to-slf4j-1.7.25.jar;F:\spring\repository\javax\annotation\javax.annotation-api\1.3.2\javax.annotation-api-1.3.2.jar;F:\spring\repository\org\yaml\snakeyaml\1.19\snakeyaml-1.19.jar;F:\spring\repository\org\springframework\boot\spring-boot-test\2.0.5.RELEASE\spring-boot-test-2.0.5.RELEASE.jar;F:\spring\repository\org\springframework\boot\spring-boot-test-autoconfigure\2.0.5.RELEASE\spring-boot-test-autoconfigure-2.0.5.RELEASE.jar;F:\spring\repository\com\jayway\jsonpath\json-path\2.4.0\json-path-2.4.0.jar;F:\spring\repository\net\minidev\json-smart\2.3\json-smart-2.3.jar;F:\spring\repository\net\minidev\accessors-smart\1.2\accessors-smart-1.2.jar;F:\spring\repository\org\ow2\asm\asm\5.0.4\asm-5.0.4.jar;F:\spring\repository\org\assertj\assertj-core\3.9.1\assertj-core-3.9.1.jar;F:\spring\repository\org\mockito\mockito-core\2.15.0\mockito-core-2.15.0.jar;F:\spring\repository\net\bytebuddy\byte-buddy\1.7.11\byte-buddy-1.7.11.jar;F:\spring\repository\net\bytebuddy\byte-buddy-agent\1.7.11\byte-buddy-agent-1.7.11.jar;F:\spring\repository\org\objenesis\objenesis\2.6\objenesis-2.6.jar;F:\spring\repository\org\hamcrest\hamcrest-core\1.3\hamcrest-core-1.3.jar;F:\spring\repos
[...]
      Did not match:
         - @ConditionalOnProperty (spring.datasource.jndi-name) did not find property &apos;jndi-name&apos; (OnPropertyCondition)
      Matched:
         - @ConditionalOnClass found required classes &apos;javax.sql.DataSource&apos;, &apos;org.springframework.jdbc.datasource.embedded.EmbeddedDatabaseType&apos;; @ConditionalOnMissingClass did not find unwanted class (OnClassCondition)

   JooqAutoConfiguration:
      Did not match:
         - @ConditionalOnClass did not find required class &apos;org.jooq.DSLContext&apos; (OnClassCondition)

   JpaRepositoriesAutoConfiguration:
      Did not match:
         - @ConditionalOnClass did not find required class &apos;org.springframework.data.jpa.repository.JpaRepository&apos; (OnClassCondition)

   JsonbAutoConfiguration:
      Did not match:
         - @ConditionalOnClass did not find required class &apos;javax.json.bind.Jsonb&apos; (OnClassCondition)

   JsonbHttpMessageConvertersConfiguration:
      Did not match:
         - @ConditionalOnClass did not find required class &apos;javax.json.bind.Jsonb&apos; (OnClassCondition)

   JtaAutoConfiguration:
      Did not match:
         - @ConditionalOnClass did not find required class &apos;javax.transaction.Transaction&apos; (OnClassCondition)

   KafkaAutoConfiguration:
      Did not match:
         - @ConditionalOnClass did not find required class &apos;org.springframework.kafka.core.KafkaTemplate&apos; (OnClassCondition)

   LdapAutoConfiguration:
      Did not match:
         - @ConditionalOnClass did not find required class &apos;org.springframework.ldap.core.ContextSource&apos; (OnClassCondition)

   LdapDataAutoConfiguration:
      Did not match:
         - @ConditionalOnClass did not find required class &apos;org.springframework.data.ldap.repository.LdapRepository&apos; (OnClassCondition)

   LdapRepositoriesAutoConfiguration:
      Did not match:
         - @ConditionalOnClass did not find required class &apos;org.springframework.data.ldap.repository.LdapRepository&apos; (OnClassCondition)

   LiquibaseAutoConfiguration:
      Did not match:
         - @ConditionalOnClass did not find required classes &apos;liquibase.integration.spring.SpringLiquibase&apos;, &apos;liquibase.change.DatabaseChange&apos; (OnClassCondition)

   LoadBalancerAutoConfiguration.RetryAutoConfiguration:
      Did not match:
         - @ConditionalOnClass did not find required class &apos;org.springframework.retry.support.RetryTemplate&apos; (OnClassCondition)

   LoadBalancerAutoConfiguration.RetryInterceptorAutoConfiguration:
      Did not match:
         - @ConditionalOnClass did not find required class &apos;org.springframework.retry.support.RetryTemplate&apos; (OnClassCondition)

   MailSenderAutoConfiguration:
      Did not match:
         - @ConditionalOnClass did not find required classes &apos;javax.mail.internet.MimeMessage&apos;, &apos;org.springframework.mail.MailSender&apos; (OnClassCondition)

   MailSenderValidatorAutoConfiguration:
      Did not match:
         - @ConditionalOnProperty (spring.mail.test-connection) did not find property &apos;test-connection&apos; (OnPropertyCondition)

   MessageSourceAutoConfiguration:
      Did not match:
         - ResourceBundle did not find bundle with basename messages (MessageSourceAutoConfiguration.ResourceBundleCondition)

   MongoAutoConfiguration:
      Did not match:
         - @ConditionalOnClass did not find required class &apos;com.mongodb.MongoClient&apos; (OnClassCondition)

   MongoDataAutoConfiguration:
      Did not match:
         - @ConditionalOnClass did not find required classes &apos;com.mongodb.MongoClient&apos;, &apos;org.springframework.data.mongodb.core.MongoTemplate&apos; (OnClassCondition)

   MongoReactiveAutoConfiguration:
      Did not match:
         - @ConditionalOnClass did not find required class &apos;com.mongodb.reactivestreams.client.MongoClient&apos; (OnClassCondition)

   MongoReactiveDataAutoConfiguration:
      Did not match:
         - @ConditionalOnClass did not find required classes &apos;com.mongodb.reactivestreams.client.MongoClient&apos;, &apos;org.springframework.data.mongodb.core.ReactiveMongoTemplate&apos; (OnClassCondition)

   MongoReactiveRepositoriesAutoConfiguration:
      Did not match:
         - @ConditionalOnClass did not find required classes &apos;com.mongodb.reactivestreams.client.MongoClient&apos;, &apos;org.springframework.data.mongodb.repository.ReactiveMongoRepository&apos; (OnClassCondition)

   MongoRepositoriesAutoConfiguration:
      Did not match:
         - @ConditionalOnClass did not find required classes &apos;com.mongodb.MongoClient&apos;, &apos;org.springframework.data.mongodb.repository.MongoRepository&apos; (OnClassCondition)

   MustacheAutoConfiguration:
      Did not match:
         - @ConditionalOnClass did not find required class &apos;com.samskivert.mustache.Mustache&apos; (OnClassCondition)

   MybatisPlusAutoConfiguration.MapperScannerRegistrarNotFoundConfiguration:
      Did not match:
         - @ConditionalOnMissingBean (types: org.mybatis.spring.mapper.MapperFactoryBean; SearchStrategy: all) found beans of type &apos;org.mybatis.spring.mapper.MapperFactoryBean&apos; &amp;productMapper, &amp;productTypeMapper, &amp;brandMapper (OnBeanCondition)

   Neo4jDataAutoConfiguration:
      Did not match:
         - @ConditionalOnClass did not find required classes &apos;org.neo4j.ogm.session.SessionFactory&apos;, &apos;org.springframework.data.neo4j.transaction.Neo4jTransactionManager&apos; (OnClassCondition)

   Neo4jRepositoriesAutoConfiguration:
      Did not match:
         - @ConditionalOnClass did not find required classes &apos;org.neo4j.ogm.session.Neo4jSession&apos;, &apos;org.springframework.data.neo4j.repository.Neo4jRepository&apos; (OnClassCondition)

   NoopDiscoveryClientAutoConfiguration:
      Did not match:
         - @ConditionalOnMissingBean (types: org.springframework.cloud.client.discovery.DiscoveryClient; SearchStrategy: all) found beans of type &apos;org.springframework.cloud.client.discovery.DiscoveryClient&apos; discoveryClient, compositeDiscoveryClient, simpleDiscoveryClient (OnBeanCondition)

   NoopDiscoveryClientAutoConfiguration.Boot15PortFinderConfiguration:
      Did not match:
         - @ConditionalOnClass did not find required class &apos;org.springframework.boot.context.embedded.EmbeddedWebApplicationContext&apos; (OnClassCondition)
         - Ancestor org.springframework.cloud.client.discovery.noop.NoopDiscoveryClientAutoConfiguration did not match (ConditionEvaluationReport.AncestorsMatchedCondition)

   OAuth2ClientAutoConfiguration:
      Did not match:
         - @ConditionalOnClass did not find required classes &apos;org.springframework.security.config.annotation.web.configuration.EnableWebSecurity&apos;, &apos;org.springframework.security.oauth2.client.registration.ClientRegistration&apos; (OnClassCondition)

   OkHttpFeignLoadBalancedConfiguration:
      Did not match:
         - @ConditionalOnClass did not find required class &apos;feign.okhttp.OkHttpClient&apos; (OnClassCondition)

   ProjectInfoAutoConfiguration#buildProperties:
      Did not match:
         - @ConditionalOnResource did not find resource &apos;${spring.info.build.location:classpath:META-INF/build-info.properties}&apos; (OnResourceCondition)

   ProjectInfoAutoConfiguration#gitProperties:
      Did not match:
         - GitResource did not find git info at classpath:git.properties (ProjectInfoAutoConfiguration.GitResourceAvailableCondition)

   QuartzAutoConfiguration:
      Did not match:
         - @ConditionalOnClass did not find required classes &apos;org.quartz.Scheduler&apos;, &apos;org.springframework.scheduling.quartz.SchedulerFactoryBean&apos; (OnClassCondition)

   RabbitAutoConfiguration:
      Did not match:
         - @ConditionalOnClass did not find required classes &apos;org.springframework.amqp.rabbit.core.RabbitTemplate&apos;, &apos;com.rabbitmq.client.Channel&apos; (OnClassCondition)

   ReactiveLoadBalancerAutoConfiguration:
      Did not match:
         - @ConditionalOnClass did not find required class &apos;org.springframework.web.reactive.function.client.WebClient&apos; (OnClassCondition)

   ReactiveSecurityAutoConfiguration:
      Did not match:
         - @ConditionalOnClass did not find required classes &apos;reactor.core.publisher.Flux&apos;, &apos;org.springframework.security.config.annotation.web.reactive.EnableWebFluxSecurity&apos;, &apos;org.springframework.security.web.server.WebFilterChainProxy&apos; (OnClassCondition)

   ReactiveUserDetailsServiceAutoConfiguration:
      Did not match:
         - @ConditionalOnClass did not find required class &apos;org.springframework.security.authentication.ReactiveAuthenticationManager&apos; (OnClassCondition)

   ReactiveWebServerFactoryAutoConfiguration:
      Did not match:
         - not a reactive web application (OnWebApplicationCondition)
      Matched:
         - @ConditionalOnClass found required class &apos;org.springframework.http.ReactiveHttpInputMessage&apos;; @ConditionalOnMissingClass did not find unwanted class (OnClassCondition)

   ReactorCoreAutoConfiguration:
      Did not match:
         - @ConditionalOnClass did not find required classes &apos;reactor.core.publisher.Mono&apos;, &apos;reactor.core.publisher.Flux&apos; (OnClassCondition)

   RedisAutoConfiguration:
      Did not match:
         - @ConditionalOnClass did not find required class &apos;org.springframework.data.redis.core.RedisOperations&apos; (OnClassCondition)

   RedisCacheConfiguration:
      Did not match:
         - @ConditionalOnClass did not find required class &apos;org.springframework.data.redis.connection.RedisConnectionFactory&apos; (OnClassCondition)

   RedisReactiveAutoConfiguration:
      Did not match:
         - @ConditionalOnClass did not find required classes &apos;org.springframework.data.redis.connection.ReactiveRedisConnectionFactory&apos;, &apos;org.springframework.data.redis.core.ReactiveRedisTemplate&apos;, &apos;reactor.core.publisher.Flux&apos; (OnClassCondition)

   RedisRepositoriesAutoConfiguration:
      Did not match:
         - @ConditionalOnClass did not find required class &apos;org.springframework.data.redis.repository.configuration.EnableRedisRepositories&apos; (OnClassCondition)

   RefreshAutoConfiguration.JpaInvokerConfiguration:
      Did not match:
         - @ConditionalOnClass did not find required class &apos;javax.persistence.EntityManagerFactory&apos; (OnClassCondition)

   RefreshEndpointAutoConfiguration:
      Did not match:
         - @ConditionalOnClass did not find required classes &apos;org.springframework.boot.actuate.autoconfigure.endpoint.EndpointAutoConfiguration&apos;, &apos;org.springframework.boot.actuate.health.Health&apos; (OnClassCondition)

   RepositoryRestMvcAutoConfiguration:
      Did not match:
         - @ConditionalOnClass did not find required class &apos;org.springframework.data.rest.webmvc.config.RepositoryRestMvcConfiguration&apos; (OnClassCondition)

   RibbonAutoConfiguration#loadBalancedRetryPolicyFactory:
      Did not match:
         - @ConditionalOnClass did not find required class &apos;org.springframework.retry.support.RetryTemplate&apos; (OnClassCondition)

   RibbonAutoConfiguration#ribbonApplicationContextInitializer:
      Did not match:
         - @ConditionalOnProperty (ribbon.eager-load.enabled) did not find property &apos;ribbon.eager-load.enabled&apos; (OnPropertyCondition)

   RibbonAutoConfiguration.RibbonClientHttpRequestFactoryConfiguration:
      Did not match:
         - AnyNestedCondition 0 matched 2 did not; NestedCondition on RibbonAutoConfiguration.OnRibbonRestClientCondition.RibbonProperty @ConditionalOnProperty (ribbon.restclient.enabled) did not find property &apos;ribbon.restclient.enabled&apos;; NestedCondition on RibbonAutoConfiguration.OnRibbonRestClientCondition.ZuulProperty @ConditionalOnProperty (ribbon.http.client.enabled) did not find property &apos;ribbon.http.client.enabled&apos; (RibbonAutoConfiguration.OnRibbonRestClientCondition)
      Matched:
         - @ConditionalOnClass found required class &apos;com.netflix.client.http.HttpRequest&apos;; @ConditionalOnMissingClass did not find unwanted class (OnClassCondition)

   SecurityAutoConfiguration:
      Did not match:
         - @ConditionalOnClass did not find required class &apos;org.springframework.security.authentication.DefaultAuthenticationEventPublisher&apos; (OnClassCondition)

   SecurityFilterAutoConfiguration:
      Did not match:
         - @ConditionalOnClass did not find required classes &apos;org.springframework.security.web.context.AbstractSecurityWebApplicationInitializer&apos;, &apos;org.springframework.security.config.http.SessionCreationPolicy&apos; (OnClassCondition)

   SecurityRequestMatcherProviderAutoConfiguration:
      Did not match:
         - @ConditionalOnClass did not find required class &apos;org.springframework.security.web.util.matcher.RequestMatcher&apos; (OnClassCondition)

   SendGridAutoConfiguration:
      Did not match:
         - @ConditionalOnClass did not find required class &apos;com.sendgrid.SendGrid&apos; (OnClassCondition)

   ServiceRegistryAutoConfiguration.ServiceRegistryEndpointConfiguration:
      Did not match:
         - @ConditionalOnClass did not find required class &apos;org.springframework.boot.actuate.endpoint.annotation.Endpoint&apos; (OnClassCondition)

   ServletWebServerFactoryConfiguration.EmbeddedJetty:
      Did not match:
         - @ConditionalOnClass did not find required classes &apos;org.eclipse.jetty.server.Server&apos;, &apos;org.eclipse.jetty.util.Loader&apos;, &apos;org.eclipse.jetty.webapp.WebAppContext&apos; (OnClassCondition)

   ServletWebServerFactoryConfiguration.EmbeddedUndertow:
      Did not match:
         - @ConditionalOnClass did not find required classes &apos;io.undertow.Undertow&apos;, &apos;org.xnio.SslClientAuthMode&apos; (OnClassCondition)

   SessionAutoConfiguration:
      Did not match:
         - @ConditionalOnClass did not find required class &apos;org.springframework.session.Session&apos; (OnClassCondition)

   SolrAutoConfiguration:
      Did not match:
         - @ConditionalOnClass did not find required classes &apos;org.apache.solr.client.solrj.impl.HttpSolrClient&apos;, &apos;org.apache.solr.client.solrj.impl.CloudSolrClient&apos; (OnClassCondition)

   SolrRepositoriesAutoConfiguration:
      Did not match:
         - @ConditionalOnClass did not find required classes &apos;org.apache.solr.client.solrj.SolrClient&apos;, &apos;org.springframework.data.solr.repository.SolrRepository&apos; (OnClassCondition)

   SpringApplicationAdminJmxAutoConfiguration:
      Did not match:
         - @ConditionalOnProperty (spring.application.admin.enabled=true) did not find property &apos;enabled&apos; (OnPropertyCondition)

   SpringDataWebAutoConfiguration:
      Did not match:
         - @ConditionalOnClass did not find required class &apos;org.springframework.data.web.PageableHandlerMethodArgumentResolver&apos; (OnClassCondition)

   ThymeleafAutoConfiguration:
      Did not match:
         - @ConditionalOnClass did not find required class &apos;org.thymeleaf.templatemode.TemplateMode&apos; (OnClassCondition)

   TransactionAutoConfiguration.EnableTransactionManagementConfiguration.JdkDynamicAutoProxyConfiguration:
      Did not match:
         - @ConditionalOnProperty (spring.aop.proxy-target-class=false) did not find property &apos;proxy-target-class&apos; (OnPropertyCondition)

   UserDetailsServiceAutoConfiguration:
      Did not match:
         - @ConditionalOnClass did not find required class &apos;org.springframework.security.authentication.AuthenticationManager&apos; (OnClassCondition)

   UtilAutoConfiguration#inetUtils:
      Did not match:
         - @ConditionalOnMissingBean (types: org.springframework.cloud.commons.util.InetUtils; SearchStrategy: all) found beans of type &apos;org.springframework.cloud.commons.util.InetUtils&apos; inetUtils (OnBeanCondition)

   WebClientAutoConfiguration:
      Did not match:
         - @ConditionalOnClass did not find required class &apos;org.springframework.web.reactive.function.client.WebClient&apos; (OnClassCondition)

   WebFluxAutoConfiguration:
      Did not match:
         - @ConditionalOnClass did not find required class &apos;org.springframework.web.reactive.config.WebFluxConfigurer&apos; (OnClassCondition)

   WebMvcAutoConfiguration.ResourceChainCustomizerConfiguration:
      Did not match:
         - @ConditionalOnEnabledResourceChain did not find class org.webjars.WebJarAssetLocator (OnEnabledResourceChainCondition)

   WebMvcAutoConfiguration.WebMvcAutoConfigurationAdapter#beanNameViewResolver:
      Did not match:
         - @ConditionalOnMissingBean (types: org.springframework.web.servlet.view.BeanNameViewResolver; SearchStrategy: all) found beans of type &apos;org.springframework.web.servlet.view.BeanNameViewResolver&apos; beanNameViewResolver (OnBeanCondition)

   WebMvcAutoConfiguration.WebMvcAutoConfigurationAdapter#localeResolver:
      Did not match:
         - @ConditionalOnProperty (spring.mvc.locale) did not find property &apos;locale&apos; (OnPropertyCondition)

   WebServicesAutoConfiguration:
      Did not match:
         - @ConditionalOnClass did not find required class &apos;org.springframework.ws.transport.http.MessageDispatcherServlet&apos; (OnClassCondition)

   WebSocketMessagingAutoConfiguration:
      Did not match:
         - @ConditionalOnClass did not find required class &apos;org.springframework.web.socket.config.annotation.WebSocketMessageBrokerConfigurer&apos; (OnClassCondition)

   WebSocketReactiveAutoConfiguration:
      Did not match:
         - not a reactive web application (OnWebApplicationCondition)
      Matched:
         - @ConditionalOnClass found required classes &apos;javax.servlet.Servlet&apos;, &apos;javax.websocket.server.ServerContainer&apos;; @ConditionalOnMissingClass did not find unwanted class (OnClassCondition)

   WebSocketServletAutoConfiguration.JettyWebSocketConfiguration:
      Did not match:
         - @ConditionalOnClass did not find required class &apos;org.eclipse.jetty.websocket.jsr356.server.deploy.WebSocketServerContainerInitializer&apos; (OnClassCondition)

   WebSocketServletAutoConfiguration.UndertowWebSocketConfiguration:
      Did not match:
         - @ConditionalOnClass did not find required class &apos;io.undertow.websockets.jsr.Bootstrap&apos; (OnClassCondition)

   WritableEnvironmentEndpointAutoConfiguration:
      Did not match:
         - @ConditionalOnClass did not find required classes &apos;org.springframework.boot.actuate.env.EnvironmentEndpoint&apos;, &apos;org.springframework.boot.actuate.autoconfigure.env.EnvironmentEndpointProperties&apos; (OnClassCondition)

   XADataSourceAutoConfiguration:
      Did not match:
         - @ConditionalOnClass did not find required class &apos;javax.transaction.TransactionManager&apos; (OnClassCondition)


Exclusions:
-----------

    None


Unconditional classes:
----------------------

    org.springframework.cloud.client.discovery.simple.SimpleDiscoveryClientAutoConfiguration

    org.springframework.boot.autoconfigure.context.PropertyPlaceholderAutoConfiguration

    org.springframework.cloud.commons.httpclient.HttpClientConfiguration

    org.springframework.cloud.client.serviceregistry.ServiceRegistryAutoConfiguration

    org.springframework.cloud.autoconfigure.LifecycleMvcEndpointAutoConfiguration

    org.springframework.cloud.config.client.ConfigClientAutoConfiguration

    org.springframework.cloud.client.discovery.composite.CompositeDiscoveryClientAutoConfiguration

    org.springframework.boot.autoconfigure.context.ConfigurationPropertiesAutoConfiguration

    org.springframework.cloud.client.CommonsClientAutoConfiguration

    org.springframework.boot.autoconfigure.info.ProjectInfoAutoConfiguration



</system-err>
  </testcase>
</testsuite>